2024-02-01 12:42:15,817 [INFO] Activator:176 - 


2024-02-01 12:42:15,823 [INFO] Activator:177 - !SESSION log4j initialized
2024-02-01 12:42:21,494 [INFO] LogOutputStream:77 - [STDOUT_REDIRECT] 
2024-02-01 12:42:24,234 [INFO] ApplicationProperties:184 - Using Application install path: C:\ST\STM32CubeIDE_1.14.1\STM32CubeIDE\plugins\com.st.stm32cube.common.mx_6.10.0.202311202037
2024-02-01 12:42:24,282 [INFO] DbMcusXml:78 - Set database path to: C:\ST\STM32CubeIDE_1.14.1\STM32CubeIDE\plugins\com.st.stm32cube.common.mx_6.10.0.202311202037\\db\/mcu/
2024-02-01 12:42:24,283 [INFO] ApiDb:274 - Set plugin database path to: C:\ST\STM32CubeIDE_1.14.1\STM32CubeIDE\plugins\com.st.stm32cube.common.mx_6.10.0.202311202037\\db\/plugins/boardmanager/
2024-02-01 12:42:24,284 [WARN] ApiDb:259 - Overriding images path with different value:  => C:\ST\STM32CubeIDE_1.14.1\STM32CubeIDE\plugins\com.st.stm32cube.common.mx_6.10.0.202311202037\\db\/plugins/mcufinder/images/
2024-02-01 12:42:24,298 [INFO] ApiDb:250 - Set database path to: C:\Users\raymo\.stmcufinder\plugins\mcufinder//mcu/
2024-02-01 12:42:24,301 [INFO] DbMcusAds:125 - Set database path to: C:\Users\raymo\.stmcufinder\plugins\mcufinder//mcu/
2024-02-01 12:42:24,306 [INFO] CrossReferenceDbSqlite:203 - Set database path to: C:\Users\raymo\.stmcufinder\plugins\mcufinder//mcu/cs/
2024-02-01 12:42:24,758 [INFO] RulesReader:64 - Compatibility file has been processed (297 Rules)
2024-02-01 12:42:24,963 [INFO] DbMcusXml:78 - Set database path to: C:\ST\STM32CubeIDE_1.14.1\STM32CubeIDE\plugins\com.st.stm32cube.common.mx_6.10.0.202311202037\\db\/mcu/
2024-02-01 12:42:24,963 [INFO] ApiDb:274 - Set plugin database path to: C:\ST\STM32CubeIDE_1.14.1\STM32CubeIDE\plugins\com.st.stm32cube.common.mx_6.10.0.202311202037\\db\/plugins/boardmanager/
2024-02-01 12:42:24,964 [INFO] ApiDb:261 - Set plugin images path to: C:\ST\STM32CubeIDE_1.14.1\STM32CubeIDE\plugins\com.st.stm32cube.common.mx_6.10.0.202311202037\\db\/plugins/mcufinder/images/
2024-02-01 12:42:24,964 [WARN] DbFile:41 - Overriding database path with different value: C:\Users\raymo\.stmcufinder\plugins\mcufinder/ => C:\Users\raymo\.stmcufinder\plugins\mcufinder
2024-02-01 12:42:24,965 [INFO] ApiDb:250 - Set database path to: C:\Users\raymo\.stmcufinder\plugins\mcufinder//mcu/
2024-02-01 12:42:24,965 [WARN] DbFile:41 - Overriding database path with different value: C:\Users\raymo\.stmcufinder\plugins\mcufinder/ => C:\Users\raymo\.stmcufinder\plugins\mcufinder
2024-02-01 12:42:24,965 [INFO] DbMcusAds:125 - Set database path to: C:\Users\raymo\.stmcufinder\plugins\mcufinder//mcu/
2024-02-01 12:42:24,966 [WARN] DbFile:41 - Overriding database path with different value: C:\Users\raymo\.stmcufinder\plugins\mcufinder/ => C:\Users\raymo\.stmcufinder\plugins\mcufinder
2024-02-01 12:42:24,966 [WARN] DbFile:41 - Overriding database path with different value: C:\Users\raymo\.stmcufinder\plugins\mcufinder/ => C:\Users\raymo\.stmcufinder\plugins\mcufinder
2024-02-01 12:42:24,966 [INFO] CrossReferenceDbSqlite:203 - Set database path to: C:\Users\raymo\.stmcufinder\plugins\mcufinder//mcu/cs/
2024-02-01 12:42:25,109 [INFO] MainPanel:264 - HeapMemory: 268435456
2024-02-01 12:42:25,308 [INFO] DbMcusXml:78 - Set database path to: C:\ST\STM32CubeIDE_1.14.1\STM32CubeIDE\plugins\com.st.stm32cube.common.mx_6.10.0.202311202037\\db\/mcu/
2024-02-01 12:42:25,309 [INFO] ApiDb:274 - Set plugin database path to: C:\ST\STM32CubeIDE_1.14.1\STM32CubeIDE\plugins\com.st.stm32cube.common.mx_6.10.0.202311202037\\db\/plugins/boardmanager/
2024-02-01 12:42:25,309 [INFO] ApiDb:261 - Set plugin images path to: C:\ST\STM32CubeIDE_1.14.1\STM32CubeIDE\plugins\com.st.stm32cube.common.mx_6.10.0.202311202037\\db\/plugins/mcufinder/images/
2024-02-01 12:42:25,309 [WARN] DbFile:41 - Overriding database path with different value: C:\Users\raymo\.stmcufinder\plugins\mcufinder/ => C:\Users\raymo\.stmcufinder\plugins\mcufinder
2024-02-01 12:42:25,309 [INFO] ApiDb:250 - Set database path to: C:\Users\raymo\.stmcufinder\plugins\mcufinder//mcu/
2024-02-01 12:42:25,309 [WARN] DbFile:41 - Overriding database path with different value: C:\Users\raymo\.stmcufinder\plugins\mcufinder/ => C:\Users\raymo\.stmcufinder\plugins\mcufinder
2024-02-01 12:42:25,310 [INFO] DbMcusAds:125 - Set database path to: C:\Users\raymo\.stmcufinder\plugins\mcufinder//mcu/
2024-02-01 12:42:25,310 [WARN] DbFile:41 - Overriding database path with different value: C:\Users\raymo\.stmcufinder\plugins\mcufinder/ => C:\Users\raymo\.stmcufinder\plugins\mcufinder
2024-02-01 12:42:25,310 [WARN] DbFile:41 - Overriding database path with different value: C:\Users\raymo\.stmcufinder\plugins\mcufinder/ => C:\Users\raymo\.stmcufinder\plugins\mcufinder
2024-02-01 12:42:25,310 [INFO] CrossReferenceDbSqlite:203 - Set database path to: C:\Users\raymo\.stmcufinder\plugins\mcufinder//mcu/cs/
2024-02-01 12:42:25,354 [INFO] ApplicationProperties:184 - Using Application install path: C:\ST\STM32CubeIDE_1.14.1\STM32CubeIDE\plugins\com.st.stm32cube.common.mx_6.10.0.202311202037
2024-02-01 12:42:25,357 [INFO] PluginManage:196 - Search for loadable plugins [exclusion list=, ]
2024-02-01 12:42:25,360 [INFO] PluginManage:310 - Check plugin analytics
2024-02-01 12:42:25,841 [INFO] AnalyticsPlugin:253 - Accepted Software Licenses: 
2024-02-01 12:42:25,842 [INFO] AnalyticsPlugin:255 - Accepted CMSIS Pack Licenses: 
2024-02-01 12:42:25,842 [INFO] AnalyticsPlugin:257 - Accepted Firmware Licenses: FW.L4.1.18.0
2024-02-01 12:42:25,849 [INFO] PluginManage:359 - Loaded plugin analytics (category:tool,tabindex:-1)
2024-02-01 12:42:25,851 [INFO] PluginManage:310 - Check plugin cadmodel
2024-02-01 12:42:25,893 [INFO] CADModel:105 - Init CAD model plugin
2024-02-01 12:42:25,894 [INFO] PluginManage:359 - Loaded plugin cadmodel (category:power,tabindex:5)
2024-02-01 12:42:25,894 [INFO] PluginManage:310 - Check plugin clock
2024-02-01 12:42:25,929 [INFO] PluginManage:359 - Loaded plugin clock (category:base,tabindex:2)
2024-02-01 12:42:25,930 [INFO] PluginManage:310 - Check plugin ddr
2024-02-01 12:42:25,933 [INFO] PluginManage:359 - Loaded plugin ddr (category:tool,tabindex:6)
2024-02-01 12:42:25,934 [INFO] PluginManage:310 - Check plugin filemanager
2024-02-01 12:42:26,237 [INFO] PluginManage:359 - Loaded plugin filemanager (category:base,tabindex:10)
2024-02-01 12:42:26,238 [INFO] PluginManage:310 - Check plugin ipmanager
2024-02-01 12:42:26,250 [INFO] PluginManage:359 - Loaded plugin ipmanager (category:base,tabindex:5)
2024-02-01 12:42:26,250 [INFO] PluginManage:310 - Check plugin lpbam
2024-02-01 12:42:26,283 [INFO] PluginManage:359 - Loaded plugin lpbam (category:base,tabindex:0)
2024-02-01 12:42:26,283 [INFO] PluginManage:310 - Check plugin memorymap
2024-02-01 12:42:26,323 [INFO] PluginManage:359 - Loaded plugin memorymap (category:base,tabindex:4)
2024-02-01 12:42:26,323 [INFO] PluginManage:310 - Check plugin pinoutandconfiguration
2024-02-01 12:42:26,356 [INFO] PluginManage:359 - Loaded plugin pinoutandconfiguration (category:base,tabindex:1)
2024-02-01 12:42:26,356 [INFO] PluginManage:310 - Check plugin pinoutconfig
2024-02-01 12:42:26,534 [WARN] SupportedApi:132 - Cannot load RTOS API schema: s4s-elt-must-match.1: The content of 'definitions' must match (annotation?, (simpleType | complexType)?, (unique | key | keyref)*)). A problem was found starting at: attribute.
2024-02-01 12:42:26,734 [INFO] PluginManage:359 - Loaded plugin pinoutconfig (category:base,tabindex:0)
2024-02-01 12:42:26,735 [INFO] PluginManage:310 - Check plugin power
2024-02-01 12:42:26,765 [INFO] PluginManage:359 - Loaded plugin power (category:power,tabindex:4)
2024-02-01 12:42:26,765 [INFO] PluginManage:310 - Check plugin projectmanager
2024-02-01 12:42:26,794 [INFO] PluginManage:359 - Loaded plugin projectmanager (category:projectmanager,tabindex:3)
2024-02-01 12:42:26,795 [INFO] PluginManage:310 - Check plugin thirdparty
2024-02-01 12:42:27,152 [WARN] IntegrityCheckThread:84 - waiting for thirdparty lock release [integrity check]
2024-02-01 12:42:27,152 [INFO] PluginManage:359 - Loaded plugin thirdparty (category:base,tabindex:-1)
2024-02-01 12:42:27,152 [INFO] IntegrityCheckThread:86 - entering critical section [integrity check]
2024-02-01 12:42:27,153 [INFO] PluginManage:310 - Check plugin tools
2024-02-01 12:42:27,153 [INFO] ThirdPartyUpdaterWithRetryManager:70 - Updater plugin not ready yet. [1/15]
2024-02-01 12:42:27,187 [INFO] PluginManage:359 - Loaded plugin tools (category:base,tabindex:7)
2024-02-01 12:42:27,188 [INFO] PluginManage:310 - Check plugin tutovideos
2024-02-01 12:42:27,423 [INFO] PluginManage:359 - Loaded plugin tutovideos (category:base,tabindex:-1)
2024-02-01 12:42:27,424 [INFO] PluginManage:310 - Check plugin updater
2024-02-01 12:42:27,443 [INFO] PluginManage:359 - Loaded plugin updater (category:base,tabindex:12)
2024-02-01 12:42:27,444 [INFO] PluginManage:310 - Check plugin userauth
2024-02-01 12:42:27,452 [INFO] UserAuth:114 - Init User Auth plugin
2024-02-01 12:42:27,452 [INFO] PluginManage:359 - Loaded plugin userauth (category:base,tabindex:14)
2024-02-01 12:42:27,452 [INFO] PluginManage:283 - PluginManage : Loaded plugins [17]
2024-02-01 12:42:27,722 [INFO] PinOutPanel:1499 - setPackage(No Configuration,No Configuration)
2024-02-01 12:42:27,815 [INFO] CADModel:165 - CPN selected for project level
2024-02-01 12:42:27,815 [INFO] CADModel:114 - Register for checkConnection events
2024-02-01 12:42:27,850 [INFO] IPUIPlugin:80 - create IPUIPlugin
2024-02-01 12:42:27,851 [INFO] PluginManager:220 - loadIPPluginJar : add adc
2024-02-01 12:42:27,926 [INFO] IPUIPlugin:80 - create IPUIPlugin
2024-02-01 12:42:27,926 [INFO] PluginManager:220 - loadIPPluginJar : add aes
2024-02-01 12:42:27,970 [INFO] IPUIPlugin:80 - create IPUIPlugin
2024-02-01 12:42:27,971 [INFO] PluginManager:220 - loadIPPluginJar : add can
2024-02-01 12:42:28,002 [INFO] IPUIPlugin:80 - create IPUIPlugin
2024-02-01 12:42:28,002 [INFO] PluginManager:220 - loadIPPluginJar : add comp
2024-02-01 12:42:28,049 [INFO] IPUIPlugin:80 - create IPUIPlugin
2024-02-01 12:42:28,050 [INFO] PluginManager:220 - loadIPPluginJar : add cryp
2024-02-01 12:42:28,088 [INFO] IPUIPlugin:80 - create IPUIPlugin
2024-02-01 12:42:28,088 [INFO] PluginManager:220 - loadIPPluginJar : add dfsdm
2024-02-01 12:42:28,107 [INFO] IPUIPlugin:80 - create IPUIPlugin
2024-02-01 12:42:28,108 [INFO] PluginManager:220 - loadIPPluginJar : add dma
2024-02-01 12:42:28,158 [INFO] IPUIPlugin:80 - create IPUIPlugin
2024-02-01 12:42:28,158 [INFO] PluginManager:220 - loadIPPluginJar : add dma3
2024-02-01 12:42:28,180 [INFO] IPUIPlugin:80 - create IPUIPlugin
2024-02-01 12:42:28,180 [INFO] PluginManager:220 - loadIPPluginJar : add fatfs
2024-02-01 12:42:28,232 [INFO] IPUIPlugin:80 - create IPUIPlugin
2024-02-01 12:42:28,232 [INFO] PluginManager:220 - loadIPPluginJar : add fmc
2024-02-01 12:42:28,249 [INFO] IPUIPlugin:80 - create IPUIPlugin
2024-02-01 12:42:28,250 [INFO] PluginManager:220 - loadIPPluginJar : add freertos
2024-02-01 12:42:28,278 [INFO] IPUIPlugin:80 - create IPUIPlugin
2024-02-01 12:42:28,278 [INFO] PluginManager:220 - loadIPPluginJar : add genericplugin
2024-02-01 12:42:28,395 [INFO] IPUIPlugin:80 - create IPUIPlugin
2024-02-01 12:42:28,396 [INFO] PluginManager:220 - loadIPPluginJar : add gfxmmu
2024-02-01 12:42:28,575 [INFO] IPUIPlugin:80 - create IPUIPlugin
2024-02-01 12:42:28,576 [INFO] PluginManager:220 - loadIPPluginJar : add gic
2024-02-01 12:42:28,596 [INFO] IPUIPlugin:80 - create IPUIPlugin
2024-02-01 12:42:28,596 [INFO] PluginManager:220 - loadIPPluginJar : add gpio
2024-02-01 12:42:28,721 [INFO] IPUIPlugin:80 - create IPUIPlugin
2024-02-01 12:42:28,721 [INFO] PluginManager:220 - loadIPPluginJar : add gtzc
2024-02-01 12:42:28,761 [INFO] IPUIPlugin:80 - create IPUIPlugin
2024-02-01 12:42:28,762 [INFO] PluginManager:220 - loadIPPluginJar : add hash
2024-02-01 12:42:28,843 [INFO] IPUIPlugin:80 - create IPUIPlugin
2024-02-01 12:42:28,843 [INFO] PluginManager:220 - loadIPPluginJar : add i2c
2024-02-01 12:42:28,908 [INFO] IPUIPlugin:80 - create IPUIPlugin
2024-02-01 12:42:28,908 [INFO] PluginManager:220 - loadIPPluginJar : add i2s
2024-02-01 12:42:28,971 [INFO] IPUIPlugin:80 - create IPUIPlugin
2024-02-01 12:42:28,971 [INFO] PluginManager:220 - loadIPPluginJar : add i3c
2024-02-01 12:42:29,141 [INFO] IPUIPlugin:80 - create IPUIPlugin
2024-02-01 12:42:29,141 [INFO] PluginManager:220 - loadIPPluginJar : add ipddr
2024-02-01 12:42:29,287 [INFO] IPUIPlugin:80 - create IPUIPlugin
2024-02-01 12:42:29,288 [INFO] PluginManager:220 - loadIPPluginJar : add linkedlist
2024-02-01 12:42:29,339 [INFO] IPUIPlugin:80 - create IPUIPlugin
2024-02-01 12:42:29,339 [INFO] PluginManager:220 - loadIPPluginJar : add lorawan
2024-02-01 12:42:29,392 [INFO] IPUIPlugin:80 - create IPUIPlugin
2024-02-01 12:42:29,392 [INFO] PluginManager:220 - loadIPPluginJar : add ltdc
2024-02-01 12:42:29,415 [INFO] IPUIPlugin:80 - create IPUIPlugin
2024-02-01 12:42:29,415 [INFO] PluginManager:220 - loadIPPluginJar : add mdma
2024-02-01 12:42:29,439 [INFO] IPUIPlugin:80 - create IPUIPlugin
2024-02-01 12:42:29,439 [INFO] PluginManager:220 - loadIPPluginJar : add nvic
2024-02-01 12:42:29,499 [INFO] IPUIPlugin:80 - create IPUIPlugin
2024-02-01 12:42:29,499 [INFO] PluginManager:220 - loadIPPluginJar : add opamp
2024-02-01 12:42:29,591 [INFO] IPUIPlugin:80 - create IPUIPlugin
2024-02-01 12:42:29,591 [INFO] PluginManager:220 - loadIPPluginJar : add openamp
2024-02-01 12:42:29,637 [INFO] IPUIPlugin:80 - create IPUIPlugin
2024-02-01 12:42:29,637 [INFO] PluginManager:220 - loadIPPluginJar : add pdm2pcm
2024-02-01 12:42:29,653 [INFO] IPUIPlugin:80 - create IPUIPlugin
2024-02-01 12:42:29,656 [INFO] PluginManager:220 - loadIPPluginJar : add plateformsettings
2024-02-01 12:42:29,679 [INFO] IPUIPlugin:80 - create IPUIPlugin
2024-02-01 12:42:29,679 [INFO] PluginManager:220 - loadIPPluginJar : add quadspi
2024-02-01 12:42:29,693 [INFO] IPUIPlugin:80 - create IPUIPlugin
2024-02-01 12:42:29,693 [INFO] PluginManager:220 - loadIPPluginJar : add resmgrutility
2024-02-01 12:42:29,741 [INFO] IPUIPlugin:80 - create IPUIPlugin
2024-02-01 12:42:29,741 [INFO] PluginManager:220 - loadIPPluginJar : add sai
2024-02-01 12:42:29,780 [INFO] IPUIPlugin:80 - create IPUIPlugin
2024-02-01 12:42:29,780 [INFO] PluginManager:220 - loadIPPluginJar : add spi
2024-02-01 12:42:29,874 [INFO] IPUIPlugin:80 - create IPUIPlugin
2024-02-01 12:42:29,874 [INFO] PluginManager:220 - loadIPPluginJar : add stm32_wpan
2024-02-01 12:42:29,898 [INFO] IPUIPlugin:80 - create IPUIPlugin
2024-02-01 12:42:29,898 [INFO] PluginManager:220 - loadIPPluginJar : add tim
2024-02-01 12:42:29,975 [INFO] IPUIPlugin:80 - create IPUIPlugin
2024-02-01 12:42:29,975 [INFO] PluginManager:220 - loadIPPluginJar : add touchsensing
2024-02-01 12:42:30,007 [INFO] IPUIPlugin:80 - create IPUIPlugin
2024-02-01 12:42:30,007 [INFO] PluginManager:220 - loadIPPluginJar : add tracer_emb
2024-02-01 12:42:30,062 [INFO] IPUIPlugin:80 - create IPUIPlugin
2024-02-01 12:42:30,062 [INFO] PluginManager:220 - loadIPPluginJar : add ts
2024-02-01 12:42:30,100 [INFO] IPUIPlugin:80 - create IPUIPlugin
2024-02-01 12:42:30,100 [INFO] PluginManager:220 - loadIPPluginJar : add tsc
2024-02-01 12:42:30,143 [INFO] IPUIPlugin:80 - create IPUIPlugin
2024-02-01 12:42:30,144 [INFO] PluginManager:220 - loadIPPluginJar : add ucpd
2024-02-01 12:42:30,157 [INFO] ThirdPartyUpdaterWithRetryManager:70 - Updater plugin not ready yet. [2/15]
2024-02-01 12:42:30,220 [INFO] IPUIPlugin:80 - create IPUIPlugin
2024-02-01 12:42:30,221 [INFO] PluginManager:220 - loadIPPluginJar : add usart
2024-02-01 12:42:30,301 [INFO] IPUIPlugin:80 - create IPUIPlugin
2024-02-01 12:42:30,301 [INFO] PluginManager:220 - loadIPPluginJar : add usbx
2024-02-01 12:42:30,443 [INFO] CADModel:165 - CPN selected for project level
2024-02-01 12:42:30,443 [INFO] CADModel:114 - Register for checkConnection events
2024-02-01 12:42:30,444 [FATAL] Updater:308 - Updater called before beeing initialized
2024-02-01 12:42:30,444 [ERROR] CADModel:125 - Updater not yet initialized, retry later 
2024-02-01 12:42:30,650 [INFO] CADModel:165 - CPN selected for project level
2024-02-01 12:42:30,650 [INFO] CADModel:114 - Register for checkConnection events
2024-02-01 12:42:30,650 [FATAL] Updater:308 - Updater called before beeing initialized
2024-02-01 12:42:30,651 [ERROR] CADModel:125 - Updater not yet initialized, retry later 
2024-02-01 12:42:30,656 [FATAL] Updater:308 - Updater called before beeing initialized
2024-02-01 12:42:30,840 [FATAL] Updater:308 - Updater called before beeing initialized
2024-02-01 12:42:30,853 [INFO] DbMcusAds:53 - JSON generation date=Wed Nov 29 05:52:27 EST 2023 (1701255147200)
2024-02-01 12:42:30,853 [FATAL] Updater:308 - Updater called before beeing initialized
2024-02-01 12:42:30,965 [WARN] DetailPanel:346 - Failed to get advertising image, set to default
2024-02-01 12:42:31,061 [FATAL] Updater:308 - Updater called before beeing initialized
2024-02-01 12:42:31,064 [FATAL] Updater:308 - Updater called before beeing initialized
2024-02-01 12:42:31,064 [FATAL] Updater:308 - Updater called before beeing initialized
2024-02-01 12:42:31,064 [WARN] DetailPanel:346 - Failed to get advertising image, set to default
2024-02-01 12:42:31,065 [FATAL] Updater:308 - Updater called before beeing initialized
2024-02-01 12:42:31,133 [ERROR] Updater:1120 - MainUpdater not yet initialized. External WinMGr cannot be set.
2024-02-01 12:42:31,145 [INFO] Updater:1056 - Updater Version found : 6.10.0
2024-02-01 12:42:31,170 [INFO] ApplicationProperties:184 - Using Application install path: C:\ST\STM32CubeIDE_1.14.1\STM32CubeIDE\plugins\com.st.stm32cube.common.mx_6.10.0.202311202037
2024-02-01 12:42:32,768 [ERROR] LogOutputStream:75 - [STDERR_REDIRECT] Feb 01, 2024 12:42:32 PM java.util.prefs.WindowsPreferences <init>
2024-02-01 12:42:32,770 [ERROR] LogOutputStream:75 - [STDERR_REDIRECT] WARNING: Could not open/create prefs root node Software\JavaSoft\Prefs at root 0xffffffff80000002. Windows RegCreateKeyEx(...) returned error code 5.
2024-02-01 12:42:32,771 [ERROR] LogOutputStream:75 - [STDERR_REDIRECT] 
2024-02-01 12:42:33,158 [INFO] ThirdPartyUpdaterWithRetryManager:70 - Updater plugin not ready yet. [3/15]
2024-02-01 12:42:33,171 [INFO] MainUpdater:2873 - connection check result : 10
2024-02-01 12:42:33,173 [INFO] MainUpdater:290 - Updater Check For Update Now.
2024-02-01 12:42:33,173 [INFO] MicroXplorer:498 - Change Database Version : DB.6.0.100
2024-02-01 12:42:33,204 [INFO] McuFinderGlobals:63 - Set McuFinder mode to 2 (CubeIDE integrated)
2024-02-01 12:42:33,461 [INFO] UserAuth:404 - Internet connection configuration mode: 1
2024-02-01 12:42:33,484 [INFO] CheckServerUpdateThread:120 - End of CheckServer Thread
2024-02-01 12:42:33,487 [INFO] JxBrowserEngine:152 - Initiate JxBrowser Engine with user profile folder
2024-02-01 12:42:36,933 [WARN] PackLoader:240 - Cannot read IP mode file for STMicroelectronics.X-CUBE-SMBUS.2.1.0
2024-02-01 12:42:36,962 [WARN] PackLoader:240 - Cannot read IP mode file for STMicroelectronics.X-CUBE-TOUCHGFX.4.23.0
2024-02-01 12:42:37,019 [WARN] PackLoader:240 - Cannot read IP mode file for STMicroelectronics.X-CUBE-AZRTOS-F7.1.1.0
2024-02-01 12:42:37,044 [WARN] PackLoader:240 - Cannot read IP mode file for STMicroelectronics.FP-SNS-MOTENV1.4.3.2
2024-02-01 12:42:37,064 [WARN] PackLoader:240 - Cannot read IP mode file for STMicroelectronics.FP-SNS-FLIGHT1.5.0.2
2024-02-01 12:42:37,084 [WARN] PackLoader:240 - Cannot read IP mode file for STMicroelectronics.X-CUBE-DISPLAY.3.0.0
2024-02-01 12:42:37,113 [WARN] PackLoader:240 - Cannot read IP mode file for STMicroelectronics.X-CUBE-BLE1.7.0.0
2024-02-01 12:42:37,133 [WARN] PackLoader:240 - Cannot read IP mode file for emotas.I-CUBE-CANOPEN.1.3.0
2024-02-01 12:42:37,152 [WARN] PackLoader:240 - Cannot read IP mode file for STMicroelectronics.FP-SNS-SMARTAG2.1.2.0
2024-02-01 12:42:37,166 [INFO] WebApp:161 - Instantiating new browser for Auth
2024-02-01 12:42:37,181 [INFO] LogOutputStream:77 - [STDOUT_REDIRECT] 1 : Invalid condition id : UX_CORESTACK_Condition cause : null
2024-02-01 12:42:37,183 [INFO] LogOutputStream:77 - [STDOUT_REDIRECT] 1 : Invalid condition id : UX_CORESTACK_Condition cause : null
2024-02-01 12:42:37,187 [INFO] LogOutputStream:77 - [STDOUT_REDIRECT] 1 : Invalid condition id : UX_CORESTACK_Condition cause : null
2024-02-01 12:42:37,189 [INFO] LogOutputStream:77 - [STDOUT_REDIRECT] 1 : Invalid condition id : UX_CORESTACK_Condition cause : null
2024-02-01 12:42:37,191 [INFO] LogOutputStream:77 - [STDOUT_REDIRECT] 1 : Invalid condition id : UX_CORESTACK_Condition cause : null
2024-02-01 12:42:37,196 [WARN] PackLoader:240 - Cannot read IP mode file for STMicroelectronics.X-CUBE-AZRTOS-WL.2.0.0
2024-02-01 12:42:37,225 [WARN] PackLoader:240 - Cannot read IP mode file for WES.I-CUBE-Cesium.1.3.0
2024-02-01 12:42:37,246 [WARN] PackLoader:240 - Cannot read IP mode file for STMicroelectronics.X-CUBE-BLE2.3.3.0
2024-02-01 12:42:37,270 [WARN] PackLoader:240 - Cannot read IP mode file for STMicroelectronics.X-CUBE-ALGOBUILD.1.3.0
2024-02-01 12:42:37,317 [WARN] PackLoader:240 - Cannot read IP mode file for STMicroelectronics.X-CUBE-AZRTOS-G0.1.1.0
2024-02-01 12:42:37,339 [WARN] PackLoader:240 - Cannot read IP mode file for STMicroelectronics.X-CUBE-NFC4.3.0.0
2024-02-01 12:42:37,365 [WARN] PackLoader:240 - Cannot read IP mode file for STMicroelectronics.X-CUBE-BLEMGR.3.0.0
2024-02-01 12:42:37,381 [WARN] PackLoader:240 - Cannot read IP mode file for STMicroelectronics.FP-ATR-SIGFOX1.3.2.0
2024-02-01 12:42:37,404 [WARN] PackLoader:240 - Cannot read IP mode file for STMicroelectronics.X-CUBE-EEPRMA1.5.1.0
2024-02-01 12:42:37,458 [WARN] PackLoader:240 - Cannot read IP mode file for SEGGER.I-CUBE-embOS.1.3.1
2024-02-01 12:42:37,557 [WARN] PackLoader:240 - Cannot read IP mode file for STMicroelectronics.X-CUBE-GNSS1.6.0.0
2024-02-01 12:42:37,618 [WARN] PackLoader:240 - Cannot read IP mode file for STMicroelectronics.X-CUBE-AZRTOS-F4.1.1.0
2024-02-01 12:42:37,640 [WARN] PackLoader:240 - Cannot read IP mode file for wolfSSL.I-CUBE-wolfSSL.5.6.6
2024-02-01 12:42:37,688 [WARN] PackLoader:240 - Cannot read IP mode file for STMicroelectronics.X-CUBE-AZRTOS-L5.2.0.0
2024-02-01 12:42:37,707 [WARN] PackLoader:240 - Cannot read IP mode file for STMicroelectronics.X-CUBE-EEPRMA1.4.2.0
2024-02-01 12:42:37,722 [WARN] PackLoader:240 - Cannot read IP mode file for ITTIA_DB.I-CUBE-ITTIADB.8.8.0
2024-02-01 12:42:37,739 [WARN] PackLoader:240 - Cannot read IP mode file for STMicroelectronics.X-CUBE-NFC7.1.0.1
2024-02-01 12:42:37,759 [WARN] PackLoader:240 - Cannot read IP mode file for STMicroelectronics.X-CUBE-NFC6.3.0.0
2024-02-01 12:42:37,778 [WARN] PackLoader:240 - Cannot read IP mode file for STMicroelectronics.X-CUBE-AI.8.1.0
2024-02-01 12:42:37,814 [WARN] ConditionMgr:438 - getConditionDescription Invalid condition id : LAN8742 Phy interface Condition cause : null
2024-02-01 12:42:37,815 [WARN] PackLoader:240 - Cannot read IP mode file for STMicroelectronics.X-CUBE-AZRTOS-L4.2.0.0
2024-02-01 12:42:37,816 [WARN] ConditionMgr:1039 - genDependencies : Invalid condition id : LAN8742 Phy interface Condition cause : null
2024-02-01 12:42:37,816 [WARN] ConditionMgr:1039 - genDependencies : Invalid condition id : LAN8742 Phy interface Condition cause : null
2024-02-01 12:42:37,817 [WARN] ConditionMgr:1039 - genDependencies : Invalid condition id : LAN8742 Phy interface Condition cause : null
2024-02-01 12:42:37,831 [WARN] PackLoader:240 - Cannot read IP mode file for STMicroelectronics.X-CUBE-SFXS2LP1.4.0.0
2024-02-01 12:42:37,874 [WARN] ConditionMgr:438 - getConditionDescription Invalid condition id : UX DEVICE CLASS RTOS Condition cause : null
2024-02-01 12:42:37,874 [WARN] ConditionMgr:438 - getConditionDescription Invalid condition id : UX DEVICE CLASS RTOS Condition cause : null
2024-02-01 12:42:37,876 [WARN] PackLoader:240 - Cannot read IP mode file for STMicroelectronics.X-CUBE-AZRTOS-WB.2.0.0
2024-02-01 12:42:37,877 [WARN] ConditionMgr:1039 - genDependencies : Invalid condition id : UX DEVICE CLASS RTOS Condition cause : null
2024-02-01 12:42:37,877 [WARN] ConditionMgr:1039 - genDependencies : Invalid condition id : UX DEVICE CLASS RTOS Condition cause : null
2024-02-01 12:42:37,878 [WARN] ConditionMgr:1039 - genDependencies : Invalid condition id : UX DEVICE CLASS RTOS Condition cause : null
2024-02-01 12:42:37,878 [WARN] ConditionMgr:1039 - genDependencies : Invalid condition id : UX DEVICE CLASS RTOS Condition cause : null
2024-02-01 12:42:37,879 [WARN] ConditionMgr:1039 - genDependencies : Invalid condition id : UX DEVICE CLASS RTOS Condition cause : null
2024-02-01 12:42:37,911 [WARN] PackLoader:240 - Cannot read IP mode file for STMicroelectronics.X-CUBE-SUBG2.5.0.0
2024-02-01 12:42:37,962 [WARN] PackLoader:240 - Cannot read IP mode file for STMicroelectronics.X-CUBE-AZRTOS-G4.2.0.0
2024-02-01 12:42:37,994 [WARN] PackLoader:240 - Cannot read IP mode file for Infineon.AIROC-Wi-Fi-Bluetooth-STM32.1.5.1
2024-02-01 12:42:38,013 [WARN] PackLoader:240 - Cannot read IP mode file for STMicroelectronics.FP-SNS-MOTENVWB1.1.3.1
2024-02-01 12:42:38,028 [WARN] PackLoader:240 - Cannot read IP mode file for STMicroelectronics.X-CUBE-ISPU.2.0.0
2024-02-01 12:42:38,086 [WARN] PackLoader:240 - Cannot read IP mode file for STMicroelectronics.X-CUBE-MEMS1.10.0.0
2024-02-01 12:42:38,176 [INFO] WebApp:780 - Register for checkConnection events
2024-02-01 12:42:38,177 [INFO] WebApp:414 - Apply proxy settings
2024-02-01 12:42:38,177 [INFO] WebApp:499 - Chromium requires no authentication
2024-02-01 12:42:38,188 [INFO] WebApp:442 - Direct internet connection detected
2024-02-01 12:42:38,242 [WARN] PackLoader:240 - Cannot read IP mode file for STMicroelectronics.X-CUBE-FREERTOS.1.1.0
2024-02-01 12:42:38,271 [WARN] PackLoader:240 - Cannot read IP mode file for portGmbH.I-Cube-SoM-uGOAL.1.1.0
2024-02-01 12:42:38,291 [WARN] PackLoader:240 - Cannot read IP mode file for STMicroelectronics.X-CUBE-ALS.1.0.1
2024-02-01 12:42:38,310 [WARN] PackLoader:240 - Cannot read IP mode file for STMicroelectronics.FP-ATR-ASTRA1.2.0.0
2024-02-01 12:42:38,352 [WARN] PackLoader:240 - Cannot read IP mode file for STMicroelectronics.X-CUBE-TOF1.3.4.0
2024-02-01 12:42:38,414 [WARN] PackLoader:240 - Cannot read IP mode file for STMicroelectronics.X-CUBE-AZRTOS-H7.3.2.0
2024-02-01 12:42:38,417 [INFO] ThirdParty:978 - Integrity check success = true
2024-02-01 12:42:38,417 [INFO] IntegrityCheckThread:100 - exiting critical section [integrity check]
2024-02-01 12:42:38,417 [INFO] IntegrityCheckThread:103 - End integrity checks thread
2024-02-01 12:42:38,528 [INFO] WebApp:192 - Starting web application
2024-02-01 12:42:38,528 [INFO] WebApp:544 - Web application path used C:\ST\STM32CubeIDE_1.14.1\STM32CubeIDE\plugins\com.st.stm32cube.common.mx_6.10.0.202311202037\db\plugins\mcufinder\reactClient1\index.html
2024-02-01 12:42:59,893 [ERROR] LogOutputStream:75 - [STDERR_REDIRECT] SLF4J: Failed to load class "org.slf4j.impl.StaticLoggerBinder".
2024-02-01 12:42:59,895 [ERROR] LogOutputStream:75 - [STDERR_REDIRECT] SLF4J: Defaulting to no-operation (NOP) logger implementation
2024-02-01 12:42:59,897 [ERROR] LogOutputStream:75 - [STDERR_REDIRECT] SLF4J: See http://www.slf4j.org/codes.html#StaticLoggerBinder for further details.
