2024-01-25 10:54:35,284 [ERROR] LogOutputStream:75 - [STDERR_REDIRECT] 
2024-01-25 10:55:04,615 [INFO] Activator:176 - 


2024-01-25 10:55:04,615 [INFO] Activator:177 - !SESSION log4j initialized
2024-01-25 10:55:10,662 [INFO] LogOutputStream:77 - [STDOUT_REDIRECT] 
2024-01-25 10:55:11,994 [INFO] ApplicationProperties:184 - Using Application install path: C:\ST\STM32CubeIDE_1.14.1\STM32CubeIDE\plugins\com.st.stm32cube.common.mx_6.10.0.202311202037
2024-01-25 10:55:12,019 [INFO] DbMcusXml:78 - Set database path to: C:\ST\STM32CubeIDE_1.14.1\STM32CubeIDE\plugins\com.st.stm32cube.common.mx_6.10.0.202311202037\\db\/mcu/
2024-01-25 10:55:12,020 [INFO] ApiDb:274 - Set plugin database path to: C:\ST\STM32CubeIDE_1.14.1\STM32CubeIDE\plugins\com.st.stm32cube.common.mx_6.10.0.202311202037\\db\/plugins/boardmanager/
2024-01-25 10:55:12,021 [WARN] ApiDb:259 - Overriding images path with different value:  => C:\ST\STM32CubeIDE_1.14.1\STM32CubeIDE\plugins\com.st.stm32cube.common.mx_6.10.0.202311202037\\db\/plugins/mcufinder/images/
2024-01-25 10:55:12,033 [INFO] ApiDb:250 - Set database path to: C:\Users\raymo\.stmcufinder\plugins\mcufinder//mcu/
2024-01-25 10:55:12,035 [INFO] DbMcusAds:125 - Set database path to: C:\Users\raymo\.stmcufinder\plugins\mcufinder//mcu/
2024-01-25 10:55:12,039 [INFO] CrossReferenceDbSqlite:203 - Set database path to: C:\Users\raymo\.stmcufinder\plugins\mcufinder//mcu/cs/
2024-01-25 10:55:12,238 [INFO] RulesReader:64 - Compatibility file has been processed (297 Rules)
2024-01-25 10:55:12,367 [INFO] DbMcusXml:78 - Set database path to: C:\ST\STM32CubeIDE_1.14.1\STM32CubeIDE\plugins\com.st.stm32cube.common.mx_6.10.0.202311202037\\db\/mcu/
2024-01-25 10:55:12,367 [INFO] ApiDb:274 - Set plugin database path to: C:\ST\STM32CubeIDE_1.14.1\STM32CubeIDE\plugins\com.st.stm32cube.common.mx_6.10.0.202311202037\\db\/plugins/boardmanager/
2024-01-25 10:55:12,367 [INFO] ApiDb:261 - Set plugin images path to: C:\ST\STM32CubeIDE_1.14.1\STM32CubeIDE\plugins\com.st.stm32cube.common.mx_6.10.0.202311202037\\db\/plugins/mcufinder/images/
2024-01-25 10:55:12,368 [WARN] DbFile:41 - Overriding database path with different value: C:\Users\raymo\.stmcufinder\plugins\mcufinder/ => C:\Users\raymo\.stmcufinder\plugins\mcufinder
2024-01-25 10:55:12,368 [INFO] ApiDb:250 - Set database path to: C:\Users\raymo\.stmcufinder\plugins\mcufinder//mcu/
2024-01-25 10:55:12,368 [WARN] DbFile:41 - Overriding database path with different value: C:\Users\raymo\.stmcufinder\plugins\mcufinder/ => C:\Users\raymo\.stmcufinder\plugins\mcufinder
2024-01-25 10:55:12,368 [INFO] DbMcusAds:125 - Set database path to: C:\Users\raymo\.stmcufinder\plugins\mcufinder//mcu/
2024-01-25 10:55:12,368 [WARN] DbFile:41 - Overriding database path with different value: C:\Users\raymo\.stmcufinder\plugins\mcufinder/ => C:\Users\raymo\.stmcufinder\plugins\mcufinder
2024-01-25 10:55:12,368 [WARN] DbFile:41 - Overriding database path with different value: C:\Users\raymo\.stmcufinder\plugins\mcufinder/ => C:\Users\raymo\.stmcufinder\plugins\mcufinder
2024-01-25 10:55:12,368 [INFO] CrossReferenceDbSqlite:203 - Set database path to: C:\Users\raymo\.stmcufinder\plugins\mcufinder//mcu/cs/
2024-01-25 10:55:12,485 [INFO] MainPanel:264 - HeapMemory: 268435456
2024-01-25 10:55:12,632 [INFO] DbMcusXml:78 - Set database path to: C:\ST\STM32CubeIDE_1.14.1\STM32CubeIDE\plugins\com.st.stm32cube.common.mx_6.10.0.202311202037\\db\/mcu/
2024-01-25 10:55:12,632 [INFO] ApiDb:274 - Set plugin database path to: C:\ST\STM32CubeIDE_1.14.1\STM32CubeIDE\plugins\com.st.stm32cube.common.mx_6.10.0.202311202037\\db\/plugins/boardmanager/
2024-01-25 10:55:12,632 [INFO] ApiDb:261 - Set plugin images path to: C:\ST\STM32CubeIDE_1.14.1\STM32CubeIDE\plugins\com.st.stm32cube.common.mx_6.10.0.202311202037\\db\/plugins/mcufinder/images/
2024-01-25 10:55:12,633 [WARN] DbFile:41 - Overriding database path with different value: C:\Users\raymo\.stmcufinder\plugins\mcufinder/ => C:\Users\raymo\.stmcufinder\plugins\mcufinder
2024-01-25 10:55:12,633 [INFO] ApiDb:250 - Set database path to: C:\Users\raymo\.stmcufinder\plugins\mcufinder//mcu/
2024-01-25 10:55:12,633 [WARN] DbFile:41 - Overriding database path with different value: C:\Users\raymo\.stmcufinder\plugins\mcufinder/ => C:\Users\raymo\.stmcufinder\plugins\mcufinder
2024-01-25 10:55:12,634 [INFO] DbMcusAds:125 - Set database path to: C:\Users\raymo\.stmcufinder\plugins\mcufinder//mcu/
2024-01-25 10:55:12,634 [WARN] DbFile:41 - Overriding database path with different value: C:\Users\raymo\.stmcufinder\plugins\mcufinder/ => C:\Users\raymo\.stmcufinder\plugins\mcufinder
2024-01-25 10:55:12,634 [WARN] DbFile:41 - Overriding database path with different value: C:\Users\raymo\.stmcufinder\plugins\mcufinder/ => C:\Users\raymo\.stmcufinder\plugins\mcufinder
2024-01-25 10:55:12,634 [INFO] CrossReferenceDbSqlite:203 - Set database path to: C:\Users\raymo\.stmcufinder\plugins\mcufinder//mcu/cs/
2024-01-25 10:55:12,662 [INFO] ApplicationProperties:184 - Using Application install path: C:\ST\STM32CubeIDE_1.14.1\STM32CubeIDE\plugins\com.st.stm32cube.common.mx_6.10.0.202311202037
2024-01-25 10:55:12,665 [INFO] PluginManage:196 - Search for loadable plugins [exclusion list=, ]
2024-01-25 10:55:12,667 [INFO] PluginManage:310 - Check plugin analytics
2024-01-25 10:55:12,916 [INFO] AnalyticsPlugin:253 - Accepted Software Licenses: 
2024-01-25 10:55:12,917 [INFO] AnalyticsPlugin:255 - Accepted CMSIS Pack Licenses: 
2024-01-25 10:55:12,917 [INFO] AnalyticsPlugin:257 - Accepted Firmware Licenses: FW.L4.1.18.0
2024-01-25 10:55:12,921 [INFO] PluginManage:359 - Loaded plugin analytics (category:tool,tabindex:-1)
2024-01-25 10:55:12,921 [INFO] PluginManage:310 - Check plugin cadmodel
2024-01-25 10:55:12,945 [INFO] CADModel:105 - Init CAD model plugin
2024-01-25 10:55:12,945 [INFO] PluginManage:359 - Loaded plugin cadmodel (category:power,tabindex:5)
2024-01-25 10:55:12,946 [INFO] PluginManage:310 - Check plugin clock
2024-01-25 10:55:12,992 [INFO] PluginManage:359 - Loaded plugin clock (category:base,tabindex:2)
2024-01-25 10:55:12,992 [INFO] PluginManage:310 - Check plugin ddr
2024-01-25 10:55:12,995 [INFO] PluginManage:359 - Loaded plugin ddr (category:tool,tabindex:6)
2024-01-25 10:55:12,996 [INFO] PluginManage:310 - Check plugin filemanager
2024-01-25 10:55:13,225 [INFO] PluginManage:359 - Loaded plugin filemanager (category:base,tabindex:10)
2024-01-25 10:55:13,225 [INFO] PluginManage:310 - Check plugin ipmanager
2024-01-25 10:55:13,239 [INFO] PluginManage:359 - Loaded plugin ipmanager (category:base,tabindex:5)
2024-01-25 10:55:13,239 [INFO] PluginManage:310 - Check plugin lpbam
2024-01-25 10:55:13,293 [INFO] PluginManage:359 - Loaded plugin lpbam (category:base,tabindex:0)
2024-01-25 10:55:13,293 [INFO] PluginManage:310 - Check plugin memorymap
2024-01-25 10:55:13,354 [INFO] PluginManage:359 - Loaded plugin memorymap (category:base,tabindex:4)
2024-01-25 10:55:13,355 [INFO] PluginManage:310 - Check plugin pinoutandconfiguration
2024-01-25 10:55:13,386 [INFO] PluginManage:359 - Loaded plugin pinoutandconfiguration (category:base,tabindex:1)
2024-01-25 10:55:13,386 [INFO] PluginManage:310 - Check plugin pinoutconfig
2024-01-25 10:55:13,531 [WARN] SupportedApi:132 - Cannot load RTOS API schema: s4s-elt-must-match.1: The content of 'definitions' must match (annotation?, (simpleType | complexType)?, (unique | key | keyref)*)). A problem was found starting at: attribute.
2024-01-25 10:55:13,758 [INFO] PluginManage:359 - Loaded plugin pinoutconfig (category:base,tabindex:0)
2024-01-25 10:55:13,758 [INFO] PluginManage:310 - Check plugin power
2024-01-25 10:55:13,789 [INFO] PluginManage:359 - Loaded plugin power (category:power,tabindex:4)
2024-01-25 10:55:13,790 [INFO] PluginManage:310 - Check plugin projectmanager
2024-01-25 10:55:13,814 [INFO] PluginManage:359 - Loaded plugin projectmanager (category:projectmanager,tabindex:3)
2024-01-25 10:55:13,814 [INFO] PluginManage:310 - Check plugin thirdparty
2024-01-25 10:55:14,211 [INFO] PluginManage:359 - Loaded plugin thirdparty (category:base,tabindex:-1)
2024-01-25 10:55:14,211 [INFO] PluginManage:310 - Check plugin tools
2024-01-25 10:55:14,211 [WARN] IntegrityCheckThread:84 - waiting for thirdparty lock release [integrity check]
2024-01-25 10:55:14,212 [INFO] IntegrityCheckThread:86 - entering critical section [integrity check]
2024-01-25 10:55:14,212 [INFO] ThirdPartyUpdaterWithRetryManager:70 - Updater plugin not ready yet. [1/15]
2024-01-25 10:55:14,270 [INFO] PluginManage:359 - Loaded plugin tools (category:base,tabindex:7)
2024-01-25 10:55:14,270 [INFO] PluginManage:310 - Check plugin tutovideos
2024-01-25 10:55:14,534 [INFO] PluginManage:359 - Loaded plugin tutovideos (category:base,tabindex:-1)
2024-01-25 10:55:14,534 [INFO] PluginManage:310 - Check plugin updater
2024-01-25 10:55:14,550 [INFO] PluginManage:359 - Loaded plugin updater (category:base,tabindex:12)
2024-01-25 10:55:14,550 [INFO] PluginManage:310 - Check plugin userauth
2024-01-25 10:55:14,558 [INFO] UserAuth:114 - Init User Auth plugin
2024-01-25 10:55:14,559 [INFO] PluginManage:359 - Loaded plugin userauth (category:base,tabindex:14)
2024-01-25 10:55:14,559 [INFO] PluginManage:283 - PluginManage : Loaded plugins [17]
2024-01-25 10:55:14,806 [INFO] PinOutPanel:1499 - setPackage(No Configuration,No Configuration)
2024-01-25 10:55:14,887 [INFO] CADModel:165 - CPN selected for project level
2024-01-25 10:55:14,887 [INFO] CADModel:114 - Register for checkConnection events
2024-01-25 10:55:14,913 [INFO] IPUIPlugin:80 - create IPUIPlugin
2024-01-25 10:55:14,913 [INFO] PluginManager:220 - loadIPPluginJar : add adc
2024-01-25 10:55:14,957 [INFO] IPUIPlugin:80 - create IPUIPlugin
2024-01-25 10:55:14,957 [INFO] PluginManager:220 - loadIPPluginJar : add aes
2024-01-25 10:55:14,997 [INFO] IPUIPlugin:80 - create IPUIPlugin
2024-01-25 10:55:14,997 [INFO] PluginManager:220 - loadIPPluginJar : add can
2024-01-25 10:55:15,022 [INFO] IPUIPlugin:80 - create IPUIPlugin
2024-01-25 10:55:15,022 [INFO] PluginManager:220 - loadIPPluginJar : add comp
2024-01-25 10:55:15,053 [INFO] IPUIPlugin:80 - create IPUIPlugin
2024-01-25 10:55:15,053 [INFO] PluginManager:220 - loadIPPluginJar : add cryp
2024-01-25 10:55:15,080 [INFO] IPUIPlugin:80 - create IPUIPlugin
2024-01-25 10:55:15,080 [INFO] PluginManager:220 - loadIPPluginJar : add dfsdm
2024-01-25 10:55:15,095 [INFO] IPUIPlugin:80 - create IPUIPlugin
2024-01-25 10:55:15,095 [INFO] PluginManager:220 - loadIPPluginJar : add dma
2024-01-25 10:55:15,139 [INFO] IPUIPlugin:80 - create IPUIPlugin
2024-01-25 10:55:15,139 [INFO] PluginManager:220 - loadIPPluginJar : add dma3
2024-01-25 10:55:15,157 [INFO] IPUIPlugin:80 - create IPUIPlugin
2024-01-25 10:55:15,157 [INFO] PluginManager:220 - loadIPPluginJar : add fatfs
2024-01-25 10:55:15,202 [INFO] IPUIPlugin:80 - create IPUIPlugin
2024-01-25 10:55:15,202 [INFO] PluginManager:220 - loadIPPluginJar : add fmc
2024-01-25 10:55:15,217 [INFO] IPUIPlugin:80 - create IPUIPlugin
2024-01-25 10:55:15,217 [INFO] PluginManager:220 - loadIPPluginJar : add freertos
2024-01-25 10:55:15,237 [INFO] IPUIPlugin:80 - create IPUIPlugin
2024-01-25 10:55:15,237 [INFO] PluginManager:220 - loadIPPluginJar : add genericplugin
2024-01-25 10:55:15,317 [INFO] IPUIPlugin:80 - create IPUIPlugin
2024-01-25 10:55:15,318 [INFO] PluginManager:220 - loadIPPluginJar : add gfxmmu
2024-01-25 10:55:15,426 [INFO] IPUIPlugin:80 - create IPUIPlugin
2024-01-25 10:55:15,426 [INFO] PluginManager:220 - loadIPPluginJar : add gic
2024-01-25 10:55:15,446 [INFO] IPUIPlugin:80 - create IPUIPlugin
2024-01-25 10:55:15,447 [INFO] PluginManager:220 - loadIPPluginJar : add gpio
2024-01-25 10:55:15,577 [INFO] IPUIPlugin:80 - create IPUIPlugin
2024-01-25 10:55:15,577 [INFO] PluginManager:220 - loadIPPluginJar : add gtzc
2024-01-25 10:55:15,619 [INFO] IPUIPlugin:80 - create IPUIPlugin
2024-01-25 10:55:15,619 [INFO] PluginManager:220 - loadIPPluginJar : add hash
2024-01-25 10:55:15,678 [INFO] IPUIPlugin:80 - create IPUIPlugin
2024-01-25 10:55:15,678 [INFO] PluginManager:220 - loadIPPluginJar : add i2c
2024-01-25 10:55:15,732 [INFO] IPUIPlugin:80 - create IPUIPlugin
2024-01-25 10:55:15,732 [INFO] PluginManager:220 - loadIPPluginJar : add i2s
2024-01-25 10:55:15,771 [INFO] IPUIPlugin:80 - create IPUIPlugin
2024-01-25 10:55:15,771 [INFO] PluginManager:220 - loadIPPluginJar : add i3c
2024-01-25 10:55:15,870 [INFO] IPUIPlugin:80 - create IPUIPlugin
2024-01-25 10:55:15,870 [INFO] PluginManager:220 - loadIPPluginJar : add ipddr
2024-01-25 10:55:15,957 [INFO] IPUIPlugin:80 - create IPUIPlugin
2024-01-25 10:55:15,957 [INFO] PluginManager:220 - loadIPPluginJar : add linkedlist
2024-01-25 10:55:15,992 [INFO] IPUIPlugin:80 - create IPUIPlugin
2024-01-25 10:55:15,992 [INFO] PluginManager:220 - loadIPPluginJar : add lorawan
2024-01-25 10:55:16,024 [INFO] IPUIPlugin:80 - create IPUIPlugin
2024-01-25 10:55:16,024 [INFO] PluginManager:220 - loadIPPluginJar : add ltdc
2024-01-25 10:55:16,037 [INFO] IPUIPlugin:80 - create IPUIPlugin
2024-01-25 10:55:16,038 [INFO] PluginManager:220 - loadIPPluginJar : add mdma
2024-01-25 10:55:16,048 [INFO] IPUIPlugin:80 - create IPUIPlugin
2024-01-25 10:55:16,049 [INFO] PluginManager:220 - loadIPPluginJar : add nvic
2024-01-25 10:55:16,081 [INFO] IPUIPlugin:80 - create IPUIPlugin
2024-01-25 10:55:16,081 [INFO] PluginManager:220 - loadIPPluginJar : add opamp
2024-01-25 10:55:16,130 [INFO] IPUIPlugin:80 - create IPUIPlugin
2024-01-25 10:55:16,130 [INFO] PluginManager:220 - loadIPPluginJar : add openamp
2024-01-25 10:55:16,167 [INFO] IPUIPlugin:80 - create IPUIPlugin
2024-01-25 10:55:16,167 [INFO] PluginManager:220 - loadIPPluginJar : add pdm2pcm
2024-01-25 10:55:16,181 [INFO] IPUIPlugin:80 - create IPUIPlugin
2024-01-25 10:55:16,183 [INFO] PluginManager:220 - loadIPPluginJar : add plateformsettings
2024-01-25 10:55:16,205 [INFO] IPUIPlugin:80 - create IPUIPlugin
2024-01-25 10:55:16,205 [INFO] PluginManager:220 - loadIPPluginJar : add quadspi
2024-01-25 10:55:16,216 [INFO] IPUIPlugin:80 - create IPUIPlugin
2024-01-25 10:55:16,217 [INFO] PluginManager:220 - loadIPPluginJar : add resmgrutility
2024-01-25 10:55:16,261 [INFO] IPUIPlugin:80 - create IPUIPlugin
2024-01-25 10:55:16,261 [INFO] PluginManager:220 - loadIPPluginJar : add sai
2024-01-25 10:55:16,300 [INFO] IPUIPlugin:80 - create IPUIPlugin
2024-01-25 10:55:16,301 [INFO] PluginManager:220 - loadIPPluginJar : add spi
2024-01-25 10:55:16,372 [INFO] IPUIPlugin:80 - create IPUIPlugin
2024-01-25 10:55:16,372 [INFO] PluginManager:220 - loadIPPluginJar : add stm32_wpan
2024-01-25 10:55:16,391 [INFO] IPUIPlugin:80 - create IPUIPlugin
2024-01-25 10:55:16,392 [INFO] PluginManager:220 - loadIPPluginJar : add tim
2024-01-25 10:55:16,437 [INFO] IPUIPlugin:80 - create IPUIPlugin
2024-01-25 10:55:16,437 [INFO] PluginManager:220 - loadIPPluginJar : add touchsensing
2024-01-25 10:55:16,455 [INFO] IPUIPlugin:80 - create IPUIPlugin
2024-01-25 10:55:16,455 [INFO] PluginManager:220 - loadIPPluginJar : add tracer_emb
2024-01-25 10:55:16,474 [INFO] IPUIPlugin:80 - create IPUIPlugin
2024-01-25 10:55:16,474 [INFO] PluginManager:220 - loadIPPluginJar : add ts
2024-01-25 10:55:16,492 [INFO] IPUIPlugin:80 - create IPUIPlugin
2024-01-25 10:55:16,492 [INFO] PluginManager:220 - loadIPPluginJar : add tsc
2024-01-25 10:55:16,511 [INFO] IPUIPlugin:80 - create IPUIPlugin
2024-01-25 10:55:16,511 [INFO] PluginManager:220 - loadIPPluginJar : add ucpd
2024-01-25 10:55:16,547 [INFO] IPUIPlugin:80 - create IPUIPlugin
2024-01-25 10:55:16,547 [INFO] PluginManager:220 - loadIPPluginJar : add usart
2024-01-25 10:55:16,583 [INFO] IPUIPlugin:80 - create IPUIPlugin
2024-01-25 10:55:16,583 [INFO] PluginManager:220 - loadIPPluginJar : add usbx
2024-01-25 10:55:16,710 [INFO] CADModel:165 - CPN selected for project level
2024-01-25 10:55:16,710 [INFO] CADModel:114 - Register for checkConnection events
2024-01-25 10:55:16,710 [FATAL] Updater:308 - Updater called before beeing initialized
2024-01-25 10:55:16,711 [ERROR] CADModel:125 - Updater not yet initialized, retry later 
2024-01-25 10:55:16,839 [INFO] CADModel:165 - CPN selected for project level
2024-01-25 10:55:16,839 [INFO] CADModel:114 - Register for checkConnection events
2024-01-25 10:55:16,839 [FATAL] Updater:308 - Updater called before beeing initialized
2024-01-25 10:55:16,839 [ERROR] CADModel:125 - Updater not yet initialized, retry later 
2024-01-25 10:55:16,842 [FATAL] Updater:308 - Updater called before beeing initialized
2024-01-25 10:55:16,947 [FATAL] Updater:308 - Updater called before beeing initialized
2024-01-25 10:55:16,956 [INFO] DbMcusAds:53 - JSON generation date=Wed Nov 29 05:52:27 EST 2023 (1701255147200)
2024-01-25 10:55:16,956 [FATAL] Updater:308 - Updater called before beeing initialized
2024-01-25 10:55:17,039 [WARN] DetailPanel:346 - Failed to get advertising image, set to default
2024-01-25 10:55:17,156 [FATAL] Updater:308 - Updater called before beeing initialized
2024-01-25 10:55:17,159 [FATAL] Updater:308 - Updater called before beeing initialized
2024-01-25 10:55:17,159 [FATAL] Updater:308 - Updater called before beeing initialized
2024-01-25 10:55:17,159 [WARN] DetailPanel:346 - Failed to get advertising image, set to default
2024-01-25 10:55:17,160 [FATAL] Updater:308 - Updater called before beeing initialized
2024-01-25 10:55:17,213 [INFO] ThirdPartyUpdaterWithRetryManager:70 - Updater plugin not ready yet. [2/15]
2024-01-25 10:55:17,222 [ERROR] Updater:1120 - MainUpdater not yet initialized. External WinMGr cannot be set.
2024-01-25 10:55:17,232 [INFO] Updater:1056 - Updater Version found : 6.10.0
2024-01-25 10:55:17,249 [INFO] ApplicationProperties:184 - Using Application install path: C:\ST\STM32CubeIDE_1.14.1\STM32CubeIDE\plugins\com.st.stm32cube.common.mx_6.10.0.202311202037
2024-01-25 10:55:18,833 [ERROR] LogOutputStream:75 - [STDERR_REDIRECT] Jan 25, 2024 10:55:18 AM java.util.prefs.WindowsPreferences <init>
2024-01-25 10:55:18,836 [ERROR] LogOutputStream:75 - [STDERR_REDIRECT] WARNING: Could not open/create prefs root node Software\JavaSoft\Prefs at root 0xffffffff80000002. Windows RegCreateKeyEx(...) returned error code 5.
2024-01-25 10:55:18,836 [ERROR] LogOutputStream:75 - [STDERR_REDIRECT] 
2024-01-25 10:55:19,140 [INFO] MainUpdater:2873 - connection check result : 10
2024-01-25 10:55:19,140 [INFO] MainUpdater:3567 - Updater definition file requires update
2024-01-25 10:55:19,141 [INFO] MainUpdater:290 - Updater Check For Update Now.
2024-01-25 10:55:19,141 [INFO] MicroXplorer:498 - Change Database Version : DB.6.0.100
2024-01-25 10:55:19,159 [INFO] McuFinderGlobals:63 - Set McuFinder mode to 2 (CubeIDE integrated)
2024-01-25 10:55:19,205 [INFO] ServerAccessManage:473 - Download File updaters.zip
2024-01-25 10:55:19,287 [INFO] FileExtend:240 - Unzip File : updaters.zip
2024-01-25 10:55:19,287 [INFO] FileExtend:255 - Standard Zip Deflate
2024-01-25 10:55:19,318 [INFO] UserAuth:404 - Internet connection configuration mode: 1
2024-01-25 10:55:19,348 [INFO] JxBrowserEngine:152 - Initiate JxBrowser Engine with user profile folder
2024-01-25 10:55:19,714 [INFO] ServerAccessManage:473 - Download File PacksControlFlags.xml
2024-01-25 10:55:19,889 [INFO] ServerAccessManage:473 - Download File cubemx.pidx
2024-01-25 10:55:20,214 [WARN] MainUpdater:1194 - Updater busy. Cannot search thirdparties
2024-01-25 10:55:20,214 [INFO] ThirdPartyUpdaterWithRetryManager:96 - Updater plugin is busy. [1/15]
2024-01-25 10:55:20,507 [INFO] ServerAccessManage:473 - Download File STMicroelectronics.X-CUBE-EEPRMA1.pdsc
2024-01-25 10:55:20,942 [ERROR] ServerAccessManage:1089 - Problem, file not found on Server
2024-01-25 10:55:21,378 [ERROR] ServerAccessManage:1089 - Problem, file not found on Server
2024-01-25 10:55:22,499 [INFO] WebApp:161 - Instantiating new browser for Auth
2024-01-25 10:55:22,597 [ERROR] ServerAccessManage:1096 - Problem, Http access forbiden
2024-01-25 10:55:22,598 [ERROR] ServerAccessManage:651 - Problem, Http access forbiden : RoweBots.I-CUBE-UNISONRTOS.pdsc.
2024-01-25 10:55:22,904 [WARN] PackLoader:240 - Cannot read IP mode file for STMicroelectronics.X-CUBE-EEPRMA1.5.1.0
2024-01-25 10:55:22,912 [INFO] PopulateThirdPartyThread:66 - Ending populate Thread
2024-01-25 10:55:22,915 [INFO] ThirdParty:1030 - CMSIS Pack Vendor :STMicroelectronics X-CUBE-EEPRMA1 5.1.0
2024-01-25 10:55:22,915 [INFO] LoadServerUpdatesThread:375 - End of LoadServerUpdate Thread
2024-01-25 10:55:23,022 [INFO] CheckServerUpdateThread:120 - End of CheckServer Thread
2024-01-25 10:55:23,448 [INFO] WebApp:780 - Register for checkConnection events
2024-01-25 10:55:23,448 [INFO] WebApp:414 - Apply proxy settings
2024-01-25 10:55:23,448 [INFO] WebApp:499 - Chromium requires no authentication
2024-01-25 10:55:23,461 [INFO] WebApp:442 - Direct internet connection detected
2024-01-25 10:55:23,487 [WARN] PackLoader:240 - Cannot read IP mode file for STMicroelectronics.X-CUBE-SMBUS.2.1.0
2024-01-25 10:55:23,505 [WARN] PackLoader:240 - Cannot read IP mode file for STMicroelectronics.X-CUBE-TOUCHGFX.4.23.0
2024-01-25 10:55:23,557 [WARN] PackLoader:240 - Cannot read IP mode file for STMicroelectronics.X-CUBE-AZRTOS-F7.1.1.0
2024-01-25 10:55:23,582 [WARN] PackLoader:240 - Cannot read IP mode file for STMicroelectronics.FP-SNS-MOTENV1.4.3.2
2024-01-25 10:55:23,594 [WARN] PackLoader:240 - Cannot read IP mode file for STMicroelectronics.FP-SNS-FLIGHT1.5.0.2
2024-01-25 10:55:23,616 [WARN] PackLoader:240 - Cannot read IP mode file for STMicroelectronics.X-CUBE-DISPLAY.3.0.0
2024-01-25 10:55:23,642 [WARN] PackLoader:240 - Cannot read IP mode file for STMicroelectronics.X-CUBE-BLE1.7.0.0
2024-01-25 10:55:23,663 [WARN] PackLoader:240 - Cannot read IP mode file for emotas.I-CUBE-CANOPEN.1.3.0
2024-01-25 10:55:23,680 [WARN] PackLoader:240 - Cannot read IP mode file for STMicroelectronics.FP-SNS-SMARTAG2.1.2.0
2024-01-25 10:55:23,702 [INFO] LogOutputStream:77 - [STDOUT_REDIRECT] 1 : Invalid condition id : UX_CORESTACK_Condition cause : null
2024-01-25 10:55:23,702 [INFO] LogOutputStream:77 - [STDOUT_REDIRECT] 1 : Invalid condition id : UX_CORESTACK_Condition cause : null
2024-01-25 10:55:23,706 [INFO] LogOutputStream:77 - [STDOUT_REDIRECT] 1 : Invalid condition id : UX_CORESTACK_Condition cause : null
2024-01-25 10:55:23,708 [INFO] LogOutputStream:77 - [STDOUT_REDIRECT] 1 : Invalid condition id : UX_CORESTACK_Condition cause : null
2024-01-25 10:55:23,710 [INFO] LogOutputStream:77 - [STDOUT_REDIRECT] 1 : Invalid condition id : UX_CORESTACK_Condition cause : null
2024-01-25 10:55:23,714 [WARN] PackLoader:240 - Cannot read IP mode file for STMicroelectronics.X-CUBE-AZRTOS-WL.2.0.0
2024-01-25 10:55:23,735 [WARN] PackLoader:240 - Cannot read IP mode file for WES.I-CUBE-Cesium.1.3.0
2024-01-25 10:55:23,751 [WARN] PackLoader:240 - Cannot read IP mode file for STMicroelectronics.X-CUBE-BLE2.3.3.0
2024-01-25 10:55:23,768 [WARN] PackLoader:240 - Cannot read IP mode file for STMicroelectronics.X-CUBE-ALGOBUILD.1.3.0
2024-01-25 10:55:23,769 [INFO] WebApp:192 - Starting web application
2024-01-25 10:55:23,769 [INFO] WebApp:544 - Web application path used C:\ST\STM32CubeIDE_1.14.1\STM32CubeIDE\plugins\com.st.stm32cube.common.mx_6.10.0.202311202037\db\plugins\mcufinder\reactClient1\index.html
2024-01-25 10:55:23,805 [WARN] PackLoader:240 - Cannot read IP mode file for STMicroelectronics.X-CUBE-AZRTOS-G0.1.1.0
2024-01-25 10:55:23,830 [WARN] PackLoader:240 - Cannot read IP mode file for STMicroelectronics.X-CUBE-NFC4.3.0.0
2024-01-25 10:55:23,857 [WARN] PackLoader:240 - Cannot read IP mode file for STMicroelectronics.X-CUBE-BLEMGR.3.0.0
2024-01-25 10:55:23,866 [WARN] PackLoader:240 - Cannot read IP mode file for STMicroelectronics.FP-ATR-SIGFOX1.3.2.0
2024-01-25 10:55:23,875 [WARN] PackLoader:240 - Cannot read IP mode file for STMicroelectronics.X-CUBE-EEPRMA1.5.1.0
2024-01-25 10:55:23,933 [WARN] PackLoader:240 - Cannot read IP mode file for SEGGER.I-CUBE-embOS.1.3.1
2024-01-25 10:55:24,009 [WARN] PackLoader:240 - Cannot read IP mode file for STMicroelectronics.X-CUBE-GNSS1.6.0.0
2024-01-25 10:55:24,062 [WARN] PackLoader:240 - Cannot read IP mode file for STMicroelectronics.X-CUBE-AZRTOS-F4.1.1.0
2024-01-25 10:55:24,085 [WARN] PackLoader:240 - Cannot read IP mode file for wolfSSL.I-CUBE-wolfSSL.5.6.6
2024-01-25 10:55:24,146 [WARN] PackLoader:240 - Cannot read IP mode file for STMicroelectronics.X-CUBE-AZRTOS-L5.2.0.0
2024-01-25 10:55:24,172 [WARN] PackLoader:240 - Cannot read IP mode file for STMicroelectronics.X-CUBE-EEPRMA1.4.2.0
2024-01-25 10:55:24,197 [WARN] PackLoader:240 - Cannot read IP mode file for ITTIA_DB.I-CUBE-ITTIADB.8.8.0
2024-01-25 10:55:24,224 [WARN] PackLoader:240 - Cannot read IP mode file for STMicroelectronics.X-CUBE-NFC7.1.0.1
2024-01-25 10:55:24,249 [WARN] PackLoader:240 - Cannot read IP mode file for STMicroelectronics.X-CUBE-NFC6.3.0.0
2024-01-25 10:55:24,269 [WARN] PackLoader:240 - Cannot read IP mode file for STMicroelectronics.X-CUBE-AI.8.1.0
2024-01-25 10:55:24,314 [WARN] ConditionMgr:438 - getConditionDescription Invalid condition id : LAN8742 Phy interface Condition cause : null
2024-01-25 10:55:24,315 [WARN] PackLoader:240 - Cannot read IP mode file for STMicroelectronics.X-CUBE-AZRTOS-L4.2.0.0
2024-01-25 10:55:24,317 [WARN] ConditionMgr:1039 - genDependencies : Invalid condition id : LAN8742 Phy interface Condition cause : null
2024-01-25 10:55:24,318 [WARN] ConditionMgr:1039 - genDependencies : Invalid condition id : LAN8742 Phy interface Condition cause : null
2024-01-25 10:55:24,318 [WARN] ConditionMgr:1039 - genDependencies : Invalid condition id : LAN8742 Phy interface Condition cause : null
2024-01-25 10:55:24,343 [WARN] PackLoader:240 - Cannot read IP mode file for STMicroelectronics.X-CUBE-SFXS2LP1.4.0.0
2024-01-25 10:55:24,382 [WARN] ConditionMgr:438 - getConditionDescription Invalid condition id : UX DEVICE CLASS RTOS Condition cause : null
2024-01-25 10:55:24,382 [WARN] ConditionMgr:438 - getConditionDescription Invalid condition id : UX DEVICE CLASS RTOS Condition cause : null
2024-01-25 10:55:24,385 [WARN] PackLoader:240 - Cannot read IP mode file for STMicroelectronics.X-CUBE-AZRTOS-WB.2.0.0
2024-01-25 10:55:24,386 [WARN] ConditionMgr:1039 - genDependencies : Invalid condition id : UX DEVICE CLASS RTOS Condition cause : null
2024-01-25 10:55:24,386 [WARN] ConditionMgr:1039 - genDependencies : Invalid condition id : UX DEVICE CLASS RTOS Condition cause : null
2024-01-25 10:55:24,387 [WARN] ConditionMgr:1039 - genDependencies : Invalid condition id : UX DEVICE CLASS RTOS Condition cause : null
2024-01-25 10:55:24,387 [WARN] ConditionMgr:1039 - genDependencies : Invalid condition id : UX DEVICE CLASS RTOS Condition cause : null
2024-01-25 10:55:24,387 [WARN] ConditionMgr:1039 - genDependencies : Invalid condition id : UX DEVICE CLASS RTOS Condition cause : null
2024-01-25 10:55:24,415 [WARN] PackLoader:240 - Cannot read IP mode file for STMicroelectronics.X-CUBE-SUBG2.5.0.0
2024-01-25 10:55:24,458 [WARN] PackLoader:240 - Cannot read IP mode file for STMicroelectronics.X-CUBE-AZRTOS-G4.2.0.0
2024-01-25 10:55:24,489 [WARN] PackLoader:240 - Cannot read IP mode file for Infineon.AIROC-Wi-Fi-Bluetooth-STM32.1.5.1
2024-01-25 10:55:24,501 [WARN] PackLoader:240 - Cannot read IP mode file for STMicroelectronics.FP-SNS-MOTENVWB1.1.3.1
2024-01-25 10:55:24,519 [WARN] PackLoader:240 - Cannot read IP mode file for STMicroelectronics.X-CUBE-ISPU.2.0.0
2024-01-25 10:55:24,591 [WARN] PackLoader:240 - Cannot read IP mode file for STMicroelectronics.X-CUBE-MEMS1.10.0.0
2024-01-25 10:55:24,769 [WARN] PackLoader:240 - Cannot read IP mode file for STMicroelectronics.X-CUBE-FREERTOS.1.1.0
2024-01-25 10:55:24,788 [WARN] PackLoader:240 - Cannot read IP mode file for portGmbH.I-Cube-SoM-uGOAL.1.1.0
2024-01-25 10:55:24,804 [WARN] PackLoader:240 - Cannot read IP mode file for STMicroelectronics.X-CUBE-ALS.1.0.1
2024-01-25 10:55:24,811 [WARN] PackLoader:240 - Cannot read IP mode file for STMicroelectronics.FP-ATR-ASTRA1.2.0.0
2024-01-25 10:55:24,839 [WARN] PackLoader:240 - Cannot read IP mode file for STMicroelectronics.X-CUBE-TOF1.3.4.0
2024-01-25 10:55:24,891 [WARN] PackLoader:240 - Cannot read IP mode file for STMicroelectronics.X-CUBE-AZRTOS-H7.3.2.0
2024-01-25 10:55:24,896 [INFO] ThirdParty:978 - Integrity check success = true
2024-01-25 10:55:24,896 [INFO] IntegrityCheckThread:100 - exiting critical section [integrity check]
2024-01-25 10:55:24,896 [INFO] IntegrityCheckThread:103 - End integrity checks thread
2024-01-25 10:55:45,058 [ERROR] LogOutputStream:75 - [STDERR_REDIRECT] SLF4J: Failed to load class "org.slf4j.impl.StaticLoggerBinder".
2024-01-25 10:55:45,059 [ERROR] LogOutputStream:75 - [STDERR_REDIRECT] SLF4J: Defaulting to no-operation (NOP) logger implementation
2024-01-25 10:55:45,060 [ERROR] LogOutputStream:75 - [STDERR_REDIRECT] SLF4J: See http://www.slf4j.org/codes.html#StaticLoggerBinder for further details.
