2024-04-18 15:55:28,193 [INFO] Activator:176 - 


2024-04-18 15:55:28,201 [INFO] Activator:177 - !SESSION log4j initialized
2024-04-18 15:55:35,382 [INFO] LogOutputStream:77 - [STDOUT_REDIRECT] 
2024-04-18 15:55:38,146 [INFO] ApplicationProperties:184 - Using Application install path: C:\ST\STM32CubeIDE_1.14.1\STM32CubeIDE\plugins\com.st.stm32cube.common.mx_6.10.0.202311202037
2024-04-18 15:55:38,170 [INFO] DbMcusXml:78 - Set database path to: C:\ST\STM32CubeIDE_1.14.1\STM32CubeIDE\plugins\com.st.stm32cube.common.mx_6.10.0.202311202037\\db\/mcu/
2024-04-18 15:55:38,170 [INFO] ApiDb:274 - Set plugin database path to: C:\ST\STM32CubeIDE_1.14.1\STM32CubeIDE\plugins\com.st.stm32cube.common.mx_6.10.0.202311202037\\db\/plugins/boardmanager/
2024-04-18 15:55:38,171 [WARN] ApiDb:259 - Overriding images path with different value:  => C:\ST\STM32CubeIDE_1.14.1\STM32CubeIDE\plugins\com.st.stm32cube.common.mx_6.10.0.202311202037\\db\/plugins/mcufinder/images/
2024-04-18 15:55:38,182 [INFO] ApiDb:250 - Set database path to: C:\Users\raymo\.stmcufinder\plugins\mcufinder//mcu/
2024-04-18 15:55:38,184 [INFO] DbMcusAds:125 - Set database path to: C:\Users\raymo\.stmcufinder\plugins\mcufinder//mcu/
2024-04-18 15:55:38,186 [INFO] CrossReferenceDbSqlite:203 - Set database path to: C:\Users\raymo\.stmcufinder\plugins\mcufinder//mcu/cs/
2024-04-18 15:55:38,321 [INFO] RulesReader:64 - Compatibility file has been processed (297 Rules)
2024-04-18 15:55:38,425 [INFO] DbMcusXml:78 - Set database path to: C:\ST\STM32CubeIDE_1.14.1\STM32CubeIDE\plugins\com.st.stm32cube.common.mx_6.10.0.202311202037\\db\/mcu/
2024-04-18 15:55:38,426 [INFO] ApiDb:274 - Set plugin database path to: C:\ST\STM32CubeIDE_1.14.1\STM32CubeIDE\plugins\com.st.stm32cube.common.mx_6.10.0.202311202037\\db\/plugins/boardmanager/
2024-04-18 15:55:38,426 [INFO] ApiDb:261 - Set plugin images path to: C:\ST\STM32CubeIDE_1.14.1\STM32CubeIDE\plugins\com.st.stm32cube.common.mx_6.10.0.202311202037\\db\/plugins/mcufinder/images/
2024-04-18 15:55:38,426 [WARN] DbFile:41 - Overriding database path with different value: C:\Users\raymo\.stmcufinder\plugins\mcufinder/ => C:\Users\raymo\.stmcufinder\plugins\mcufinder
2024-04-18 15:55:38,427 [INFO] ApiDb:250 - Set database path to: C:\Users\raymo\.stmcufinder\plugins\mcufinder//mcu/
2024-04-18 15:55:38,427 [WARN] DbFile:41 - Overriding database path with different value: C:\Users\raymo\.stmcufinder\plugins\mcufinder/ => C:\Users\raymo\.stmcufinder\plugins\mcufinder
2024-04-18 15:55:38,427 [INFO] DbMcusAds:125 - Set database path to: C:\Users\raymo\.stmcufinder\plugins\mcufinder//mcu/
2024-04-18 15:55:38,427 [WARN] DbFile:41 - Overriding database path with different value: C:\Users\raymo\.stmcufinder\plugins\mcufinder/ => C:\Users\raymo\.stmcufinder\plugins\mcufinder
2024-04-18 15:55:38,427 [WARN] DbFile:41 - Overriding database path with different value: C:\Users\raymo\.stmcufinder\plugins\mcufinder/ => C:\Users\raymo\.stmcufinder\plugins\mcufinder
2024-04-18 15:55:38,427 [INFO] CrossReferenceDbSqlite:203 - Set database path to: C:\Users\raymo\.stmcufinder\plugins\mcufinder//mcu/cs/
2024-04-18 15:55:38,533 [INFO] MainPanel:264 - HeapMemory: 268435456
2024-04-18 15:55:38,651 [INFO] DbMcusXml:78 - Set database path to: C:\ST\STM32CubeIDE_1.14.1\STM32CubeIDE\plugins\com.st.stm32cube.common.mx_6.10.0.202311202037\\db\/mcu/
2024-04-18 15:55:38,651 [INFO] ApiDb:274 - Set plugin database path to: C:\ST\STM32CubeIDE_1.14.1\STM32CubeIDE\plugins\com.st.stm32cube.common.mx_6.10.0.202311202037\\db\/plugins/boardmanager/
2024-04-18 15:55:38,651 [INFO] ApiDb:261 - Set plugin images path to: C:\ST\STM32CubeIDE_1.14.1\STM32CubeIDE\plugins\com.st.stm32cube.common.mx_6.10.0.202311202037\\db\/plugins/mcufinder/images/
2024-04-18 15:55:38,651 [WARN] DbFile:41 - Overriding database path with different value: C:\Users\raymo\.stmcufinder\plugins\mcufinder/ => C:\Users\raymo\.stmcufinder\plugins\mcufinder
2024-04-18 15:55:38,651 [INFO] ApiDb:250 - Set database path to: C:\Users\raymo\.stmcufinder\plugins\mcufinder//mcu/
2024-04-18 15:55:38,651 [WARN] DbFile:41 - Overriding database path with different value: C:\Users\raymo\.stmcufinder\plugins\mcufinder/ => C:\Users\raymo\.stmcufinder\plugins\mcufinder
2024-04-18 15:55:38,652 [INFO] DbMcusAds:125 - Set database path to: C:\Users\raymo\.stmcufinder\plugins\mcufinder//mcu/
2024-04-18 15:55:38,652 [WARN] DbFile:41 - Overriding database path with different value: C:\Users\raymo\.stmcufinder\plugins\mcufinder/ => C:\Users\raymo\.stmcufinder\plugins\mcufinder
2024-04-18 15:55:38,652 [WARN] DbFile:41 - Overriding database path with different value: C:\Users\raymo\.stmcufinder\plugins\mcufinder/ => C:\Users\raymo\.stmcufinder\plugins\mcufinder
2024-04-18 15:55:38,652 [INFO] CrossReferenceDbSqlite:203 - Set database path to: C:\Users\raymo\.stmcufinder\plugins\mcufinder//mcu/cs/
2024-04-18 15:55:38,678 [INFO] ApplicationProperties:184 - Using Application install path: C:\ST\STM32CubeIDE_1.14.1\STM32CubeIDE\plugins\com.st.stm32cube.common.mx_6.10.0.202311202037
2024-04-18 15:55:38,680 [INFO] PluginManage:196 - Search for loadable plugins [exclusion list=, ]
2024-04-18 15:55:38,681 [INFO] PluginManage:310 - Check plugin analytics
2024-04-18 15:55:38,938 [INFO] AnalyticsPlugin:253 - Accepted Software Licenses: 
2024-04-18 15:55:38,938 [INFO] AnalyticsPlugin:255 - Accepted CMSIS Pack Licenses: 
2024-04-18 15:55:38,939 [INFO] AnalyticsPlugin:257 - Accepted Firmware Licenses: FW.L4.1.18.0
2024-04-18 15:55:38,942 [INFO] PluginManage:359 - Loaded plugin analytics (category:tool,tabindex:-1)
2024-04-18 15:55:38,943 [INFO] PluginManage:310 - Check plugin cadmodel
2024-04-18 15:55:38,960 [INFO] CADModel:105 - Init CAD model plugin
2024-04-18 15:55:38,960 [INFO] PluginManage:359 - Loaded plugin cadmodel (category:power,tabindex:5)
2024-04-18 15:55:38,961 [INFO] PluginManage:310 - Check plugin clock
2024-04-18 15:55:38,984 [INFO] PluginManage:359 - Loaded plugin clock (category:base,tabindex:2)
2024-04-18 15:55:38,984 [INFO] PluginManage:310 - Check plugin ddr
2024-04-18 15:55:38,987 [INFO] PluginManage:359 - Loaded plugin ddr (category:tool,tabindex:6)
2024-04-18 15:55:38,987 [INFO] PluginManage:310 - Check plugin filemanager
2024-04-18 15:55:39,121 [INFO] PluginManage:359 - Loaded plugin filemanager (category:base,tabindex:10)
2024-04-18 15:55:39,121 [INFO] PluginManage:310 - Check plugin ipmanager
2024-04-18 15:55:39,129 [INFO] PluginManage:359 - Loaded plugin ipmanager (category:base,tabindex:5)
2024-04-18 15:55:39,129 [INFO] PluginManage:310 - Check plugin lpbam
2024-04-18 15:55:39,145 [INFO] PluginManage:359 - Loaded plugin lpbam (category:base,tabindex:0)
2024-04-18 15:55:39,145 [INFO] PluginManage:310 - Check plugin memorymap
2024-04-18 15:55:39,165 [INFO] PluginManage:359 - Loaded plugin memorymap (category:base,tabindex:4)
2024-04-18 15:55:39,165 [INFO] PluginManage:310 - Check plugin pinoutandconfiguration
2024-04-18 15:55:39,181 [INFO] PluginManage:359 - Loaded plugin pinoutandconfiguration (category:base,tabindex:1)
2024-04-18 15:55:39,181 [INFO] PluginManage:310 - Check plugin pinoutconfig
2024-04-18 15:55:39,289 [WARN] SupportedApi:132 - Cannot load RTOS API schema: s4s-elt-must-match.1: The content of 'definitions' must match (annotation?, (simpleType | complexType)?, (unique | key | keyref)*)). A problem was found starting at: attribute.
2024-04-18 15:55:39,435 [INFO] PluginManage:359 - Loaded plugin pinoutconfig (category:base,tabindex:0)
2024-04-18 15:55:39,435 [INFO] PluginManage:310 - Check plugin power
2024-04-18 15:55:39,462 [INFO] PluginManage:359 - Loaded plugin power (category:power,tabindex:4)
2024-04-18 15:55:39,462 [INFO] PluginManage:310 - Check plugin projectmanager
2024-04-18 15:55:39,480 [INFO] PluginManage:359 - Loaded plugin projectmanager (category:projectmanager,tabindex:3)
2024-04-18 15:55:39,480 [INFO] PluginManage:310 - Check plugin thirdparty
2024-04-18 15:55:39,778 [INFO] PluginManage:359 - Loaded plugin thirdparty (category:base,tabindex:-1)
2024-04-18 15:55:39,778 [WARN] IntegrityCheckThread:84 - waiting for thirdparty lock release [integrity check]
2024-04-18 15:55:39,778 [INFO] PluginManage:310 - Check plugin tools
2024-04-18 15:55:39,778 [INFO] IntegrityCheckThread:86 - entering critical section [integrity check]
2024-04-18 15:55:39,779 [INFO] ThirdPartyUpdaterWithRetryManager:70 - Updater plugin not ready yet. [1/15]
2024-04-18 15:55:39,833 [INFO] PluginManage:359 - Loaded plugin tools (category:base,tabindex:7)
2024-04-18 15:55:39,833 [INFO] PluginManage:310 - Check plugin tutovideos
2024-04-18 15:55:40,078 [INFO] PluginManage:359 - Loaded plugin tutovideos (category:base,tabindex:-1)
2024-04-18 15:55:40,078 [INFO] PluginManage:310 - Check plugin updater
2024-04-18 15:55:40,093 [INFO] PluginManage:359 - Loaded plugin updater (category:base,tabindex:12)
2024-04-18 15:55:40,093 [INFO] PluginManage:310 - Check plugin userauth
2024-04-18 15:55:40,100 [INFO] UserAuth:114 - Init User Auth plugin
2024-04-18 15:55:40,101 [INFO] PluginManage:359 - Loaded plugin userauth (category:base,tabindex:14)
2024-04-18 15:55:40,101 [INFO] PluginManage:283 - PluginManage : Loaded plugins [17]
2024-04-18 15:55:40,338 [INFO] PinOutPanel:1499 - setPackage(No Configuration,No Configuration)
2024-04-18 15:55:40,479 [INFO] CADModel:165 - CPN selected for project level
2024-04-18 15:55:40,480 [INFO] CADModel:114 - Register for checkConnection events
2024-04-18 15:55:40,513 [INFO] IPUIPlugin:80 - create IPUIPlugin
2024-04-18 15:55:40,513 [INFO] PluginManager:220 - loadIPPluginJar : add adc
2024-04-18 15:55:40,573 [INFO] IPUIPlugin:80 - create IPUIPlugin
2024-04-18 15:55:40,573 [INFO] PluginManager:220 - loadIPPluginJar : add aes
2024-04-18 15:55:40,639 [INFO] IPUIPlugin:80 - create IPUIPlugin
2024-04-18 15:55:40,639 [INFO] PluginManager:220 - loadIPPluginJar : add can
2024-04-18 15:55:40,662 [INFO] IPUIPlugin:80 - create IPUIPlugin
2024-04-18 15:55:40,663 [INFO] PluginManager:220 - loadIPPluginJar : add comp
2024-04-18 15:55:40,703 [INFO] IPUIPlugin:80 - create IPUIPlugin
2024-04-18 15:55:40,704 [INFO] PluginManager:220 - loadIPPluginJar : add cryp
2024-04-18 15:55:40,737 [INFO] IPUIPlugin:80 - create IPUIPlugin
2024-04-18 15:55:40,737 [INFO] PluginManager:220 - loadIPPluginJar : add dfsdm
2024-04-18 15:55:40,753 [INFO] IPUIPlugin:80 - create IPUIPlugin
2024-04-18 15:55:40,754 [INFO] PluginManager:220 - loadIPPluginJar : add dma
2024-04-18 15:55:40,805 [INFO] IPUIPlugin:80 - create IPUIPlugin
2024-04-18 15:55:40,805 [INFO] PluginManager:220 - loadIPPluginJar : add dma3
2024-04-18 15:55:40,825 [INFO] IPUIPlugin:80 - create IPUIPlugin
2024-04-18 15:55:40,825 [INFO] PluginManager:220 - loadIPPluginJar : add fatfs
2024-04-18 15:55:40,873 [INFO] IPUIPlugin:80 - create IPUIPlugin
2024-04-18 15:55:40,873 [INFO] PluginManager:220 - loadIPPluginJar : add fmc
2024-04-18 15:55:40,892 [INFO] IPUIPlugin:80 - create IPUIPlugin
2024-04-18 15:55:40,893 [INFO] PluginManager:220 - loadIPPluginJar : add freertos
2024-04-18 15:55:40,913 [INFO] IPUIPlugin:80 - create IPUIPlugin
2024-04-18 15:55:40,913 [INFO] PluginManager:220 - loadIPPluginJar : add genericplugin
2024-04-18 15:55:41,018 [INFO] IPUIPlugin:80 - create IPUIPlugin
2024-04-18 15:55:41,018 [INFO] PluginManager:220 - loadIPPluginJar : add gfxmmu
2024-04-18 15:55:41,180 [INFO] IPUIPlugin:80 - create IPUIPlugin
2024-04-18 15:55:41,180 [INFO] PluginManager:220 - loadIPPluginJar : add gic
2024-04-18 15:55:41,199 [INFO] IPUIPlugin:80 - create IPUIPlugin
2024-04-18 15:55:41,199 [INFO] PluginManager:220 - loadIPPluginJar : add gpio
2024-04-18 15:55:41,309 [INFO] IPUIPlugin:80 - create IPUIPlugin
2024-04-18 15:55:41,309 [INFO] PluginManager:220 - loadIPPluginJar : add gtzc
2024-04-18 15:55:41,347 [INFO] IPUIPlugin:80 - create IPUIPlugin
2024-04-18 15:55:41,347 [INFO] PluginManager:220 - loadIPPluginJar : add hash
2024-04-18 15:55:41,403 [INFO] IPUIPlugin:80 - create IPUIPlugin
2024-04-18 15:55:41,403 [INFO] PluginManager:220 - loadIPPluginJar : add i2c
2024-04-18 15:55:41,448 [INFO] IPUIPlugin:80 - create IPUIPlugin
2024-04-18 15:55:41,448 [INFO] PluginManager:220 - loadIPPluginJar : add i2s
2024-04-18 15:55:41,489 [INFO] IPUIPlugin:80 - create IPUIPlugin
2024-04-18 15:55:41,489 [INFO] PluginManager:220 - loadIPPluginJar : add i3c
2024-04-18 15:55:41,628 [INFO] IPUIPlugin:80 - create IPUIPlugin
2024-04-18 15:55:41,629 [INFO] PluginManager:220 - loadIPPluginJar : add ipddr
2024-04-18 15:55:41,750 [INFO] IPUIPlugin:80 - create IPUIPlugin
2024-04-18 15:55:41,750 [INFO] PluginManager:220 - loadIPPluginJar : add linkedlist
2024-04-18 15:55:41,792 [INFO] IPUIPlugin:80 - create IPUIPlugin
2024-04-18 15:55:41,793 [INFO] PluginManager:220 - loadIPPluginJar : add lorawan
2024-04-18 15:55:41,834 [INFO] IPUIPlugin:80 - create IPUIPlugin
2024-04-18 15:55:41,834 [INFO] PluginManager:220 - loadIPPluginJar : add ltdc
2024-04-18 15:55:41,851 [INFO] IPUIPlugin:80 - create IPUIPlugin
2024-04-18 15:55:41,851 [INFO] PluginManager:220 - loadIPPluginJar : add mdma
2024-04-18 15:55:41,866 [INFO] IPUIPlugin:80 - create IPUIPlugin
2024-04-18 15:55:41,866 [INFO] PluginManager:220 - loadIPPluginJar : add nvic
2024-04-18 15:55:41,910 [INFO] IPUIPlugin:80 - create IPUIPlugin
2024-04-18 15:55:41,910 [INFO] PluginManager:220 - loadIPPluginJar : add opamp
2024-04-18 15:55:41,990 [INFO] IPUIPlugin:80 - create IPUIPlugin
2024-04-18 15:55:41,991 [INFO] PluginManager:220 - loadIPPluginJar : add openamp
2024-04-18 15:55:42,041 [INFO] IPUIPlugin:80 - create IPUIPlugin
2024-04-18 15:55:42,042 [INFO] PluginManager:220 - loadIPPluginJar : add pdm2pcm
2024-04-18 15:55:42,058 [INFO] IPUIPlugin:80 - create IPUIPlugin
2024-04-18 15:55:42,061 [INFO] PluginManager:220 - loadIPPluginJar : add plateformsettings
2024-04-18 15:55:42,084 [INFO] IPUIPlugin:80 - create IPUIPlugin
2024-04-18 15:55:42,084 [INFO] PluginManager:220 - loadIPPluginJar : add quadspi
2024-04-18 15:55:42,099 [INFO] IPUIPlugin:80 - create IPUIPlugin
2024-04-18 15:55:42,099 [INFO] PluginManager:220 - loadIPPluginJar : add resmgrutility
2024-04-18 15:55:42,155 [INFO] IPUIPlugin:80 - create IPUIPlugin
2024-04-18 15:55:42,155 [INFO] PluginManager:220 - loadIPPluginJar : add sai
2024-04-18 15:55:42,208 [INFO] IPUIPlugin:80 - create IPUIPlugin
2024-04-18 15:55:42,208 [INFO] PluginManager:220 - loadIPPluginJar : add spi
2024-04-18 15:55:42,314 [INFO] IPUIPlugin:80 - create IPUIPlugin
2024-04-18 15:55:42,314 [INFO] PluginManager:220 - loadIPPluginJar : add stm32_wpan
2024-04-18 15:55:42,350 [INFO] IPUIPlugin:80 - create IPUIPlugin
2024-04-18 15:55:42,350 [INFO] PluginManager:220 - loadIPPluginJar : add tim
2024-04-18 15:55:42,425 [INFO] IPUIPlugin:80 - create IPUIPlugin
2024-04-18 15:55:42,425 [INFO] PluginManager:220 - loadIPPluginJar : add touchsensing
2024-04-18 15:55:42,458 [INFO] IPUIPlugin:80 - create IPUIPlugin
2024-04-18 15:55:42,458 [INFO] PluginManager:220 - loadIPPluginJar : add tracer_emb
2024-04-18 15:55:42,487 [INFO] IPUIPlugin:80 - create IPUIPlugin
2024-04-18 15:55:42,487 [INFO] PluginManager:220 - loadIPPluginJar : add ts
2024-04-18 15:55:42,513 [INFO] IPUIPlugin:80 - create IPUIPlugin
2024-04-18 15:55:42,513 [INFO] PluginManager:220 - loadIPPluginJar : add tsc
2024-04-18 15:55:42,539 [INFO] IPUIPlugin:80 - create IPUIPlugin
2024-04-18 15:55:42,541 [INFO] PluginManager:220 - loadIPPluginJar : add ucpd
2024-04-18 15:55:42,591 [INFO] IPUIPlugin:80 - create IPUIPlugin
2024-04-18 15:55:42,591 [INFO] PluginManager:220 - loadIPPluginJar : add usart
2024-04-18 15:55:42,646 [INFO] IPUIPlugin:80 - create IPUIPlugin
2024-04-18 15:55:42,647 [INFO] PluginManager:220 - loadIPPluginJar : add usbx
2024-04-18 15:55:42,795 [INFO] ThirdPartyUpdaterWithRetryManager:70 - Updater plugin not ready yet. [2/15]
2024-04-18 15:55:42,798 [INFO] CADModel:165 - CPN selected for project level
2024-04-18 15:55:42,799 [INFO] CADModel:114 - Register for checkConnection events
2024-04-18 15:55:42,799 [FATAL] Updater:308 - Updater called before beeing initialized
2024-04-18 15:55:42,799 [ERROR] CADModel:125 - Updater not yet initialized, retry later 
2024-04-18 15:55:42,995 [INFO] CADModel:165 - CPN selected for project level
2024-04-18 15:55:42,996 [INFO] CADModel:114 - Register for checkConnection events
2024-04-18 15:55:42,996 [FATAL] Updater:308 - Updater called before beeing initialized
2024-04-18 15:55:42,996 [ERROR] CADModel:125 - Updater not yet initialized, retry later 
2024-04-18 15:55:42,999 [FATAL] Updater:308 - Updater called before beeing initialized
2024-04-18 15:55:43,150 [FATAL] Updater:308 - Updater called before beeing initialized
2024-04-18 15:55:43,160 [INFO] DbMcusAds:53 - JSON generation date=Wed Nov 29 05:52:27 EST 2023 (1701255147200)
2024-04-18 15:55:43,161 [FATAL] Updater:308 - Updater called before beeing initialized
2024-04-18 15:55:43,257 [WARN] DetailPanel:346 - Failed to get advertising image, set to default
2024-04-18 15:55:43,394 [FATAL] Updater:308 - Updater called before beeing initialized
2024-04-18 15:55:43,397 [FATAL] Updater:308 - Updater called before beeing initialized
2024-04-18 15:55:43,398 [FATAL] Updater:308 - Updater called before beeing initialized
2024-04-18 15:55:43,398 [WARN] DetailPanel:346 - Failed to get advertising image, set to default
2024-04-18 15:55:43,398 [FATAL] Updater:308 - Updater called before beeing initialized
2024-04-18 15:55:43,512 [ERROR] Updater:1120 - MainUpdater not yet initialized. External WinMGr cannot be set.
2024-04-18 15:55:43,526 [INFO] Updater:1056 - Updater Version found : 6.10.0
2024-04-18 15:55:43,572 [INFO] ApplicationProperties:184 - Using Application install path: C:\ST\STM32CubeIDE_1.14.1\STM32CubeIDE\plugins\com.st.stm32cube.common.mx_6.10.0.202311202037
2024-04-18 15:55:45,206 [ERROR] LogOutputStream:75 - [STDERR_REDIRECT] Apr 18, 2024 3:55:45 PM java.util.prefs.WindowsPreferences <init>
2024-04-18 15:55:45,208 [ERROR] LogOutputStream:75 - [STDERR_REDIRECT] WARNING: Could not open/create prefs root node Software\JavaSoft\Prefs at root 0xffffffff80000002. Windows RegCreateKeyEx(...) returned error code 5.
2024-04-18 15:55:45,208 [ERROR] LogOutputStream:75 - [STDERR_REDIRECT] 
2024-04-18 15:55:45,559 [INFO] MainUpdater:2873 - connection check result : 10
2024-04-18 15:55:45,561 [INFO] MainUpdater:3567 - Updater definition file requires update
2024-04-18 15:55:45,563 [INFO] MainUpdater:290 - Updater Check For Update Now.
2024-04-18 15:55:45,563 [INFO] MicroXplorer:498 - Change Database Version : DB.6.0.100
2024-04-18 15:55:45,594 [INFO] McuFinderGlobals:63 - Set McuFinder mode to 2 (CubeIDE integrated)
2024-04-18 15:55:45,628 [INFO] ServerAccessManage:473 - Download File updaters.zip
2024-04-18 15:55:45,733 [INFO] FileExtend:240 - Unzip File : updaters.zip
2024-04-18 15:55:45,733 [INFO] FileExtend:255 - Standard Zip Deflate
2024-04-18 15:55:45,814 [WARN] MainUpdater:1194 - Updater busy. Cannot search thirdparties
2024-04-18 15:55:45,814 [INFO] ThirdPartyUpdaterWithRetryManager:96 - Updater plugin is busy. [1/15]
2024-04-18 15:55:45,848 [INFO] UserAuth:404 - Internet connection configuration mode: 1
2024-04-18 15:55:45,951 [INFO] JxBrowserEngine:152 - Initiate JxBrowser Engine with user profile folder
2024-04-18 15:55:46,371 [INFO] ServerAccessManage:473 - Download File PacksControlFlags.xml
2024-04-18 15:55:46,538 [INFO] ServerAccessManage:473 - Download File cubemx.pidx
2024-04-18 15:55:47,268 [INFO] ServerAccessManage:473 - Download File STMicroelectronics.FP-SNS-MOTENV1.pdsc
2024-04-18 15:55:47,565 [INFO] ServerAccessManage:473 - Download File STMicroelectronics.FP-SNS-MOTENVWB1.pdsc
2024-04-18 15:55:47,791 [INFO] ServerAccessManage:473 - Download File STMicroelectronics.X-CUBE-AI.pdsc
2024-04-18 15:55:48,511 [INFO] ServerAccessManage:473 - Download File STMicroelectronics.X-CUBE-BLEMGR.pdsc
2024-04-18 15:55:48,821 [WARN] MainUpdater:1194 - Updater busy. Cannot search thirdparties
2024-04-18 15:55:48,821 [INFO] ThirdPartyUpdaterWithRetryManager:96 - Updater plugin is busy. [2/15]
2024-04-18 15:55:49,189 [INFO] ServerAccessManage:473 - Download File STMicroelectronics.X-CUBE-NFC6.pdsc
2024-04-18 15:55:49,404 [INFO] ServerAccessManage:473 - Download File STMicroelectronics.X-CUBE-SAFEA1.pdsc
2024-04-18 15:55:49,576 [INFO] ServerAccessManage:473 - Download File STMicroelectronics.X-CUBE-TCPP.pdsc
2024-04-18 15:55:49,730 [INFO] ServerAccessManage:473 - Download File STMicroelectronics.X-CUBE-TOF1.pdsc
2024-04-18 15:55:50,644 [ERROR] ServerAccessManage:1089 - Problem, file not found on Server
2024-04-18 15:55:50,794 [INFO] ServerAccessManage:473 - Download File STMicroelectronics.X-CUBE-TOUCHGFX.pdsc
2024-04-18 15:55:51,272 [INFO] WebApp:161 - Instantiating new browser for Auth
2024-04-18 15:55:51,826 [WARN] MainUpdater:1194 - Updater busy. Cannot search thirdparties
2024-04-18 15:55:51,826 [INFO] ThirdPartyUpdaterWithRetryManager:96 - Updater plugin is busy. [3/15]
2024-04-18 15:55:51,976 [INFO] WebApp:780 - Register for checkConnection events
2024-04-18 15:55:51,976 [INFO] WebApp:414 - Apply proxy settings
2024-04-18 15:55:51,977 [INFO] WebApp:499 - Chromium requires no authentication
2024-04-18 15:55:51,985 [INFO] WebApp:442 - Direct internet connection detected
2024-04-18 15:55:52,237 [INFO] WebApp:192 - Starting web application
2024-04-18 15:55:52,237 [INFO] WebApp:544 - Web application path used C:\ST\STM32CubeIDE_1.14.1\STM32CubeIDE\plugins\com.st.stm32cube.common.mx_6.10.0.202311202037\db\plugins\mcufinder\reactClient1\index.html
2024-04-18 15:55:52,284 [INFO] ServerAccessManage:473 - Download File STMicroelectronics.X-CUBE-AZRTOS-H7RS.pdsc
2024-04-18 15:55:53,134 [WARN] PackLoader:240 - Cannot read IP mode file for STMicroelectronics.FP-SNS-MOTENV1.5.0.0
2024-04-18 15:55:53,148 [WARN] PackLoader:240 - Cannot read IP mode file for STMicroelectronics.FP-SNS-MOTENVWB1.1.4.0
2024-04-18 15:55:53,162 [WARN] PackLoader:240 - Cannot read IP mode file for STMicroelectronics.X-CUBE-AI.9.0.0
2024-04-18 15:55:53,187 [WARN] PackLoader:240 - Cannot read IP mode file for STMicroelectronics.X-CUBE-BLEMGR.3.1.0
2024-04-18 15:55:53,210 [WARN] PackLoader:240 - Cannot read IP mode file for STMicroelectronics.X-CUBE-NFC6.3.1.0
2024-04-18 15:55:53,238 [WARN] PackLoader:240 - Cannot read IP mode file for STMicroelectronics.X-CUBE-SAFEA1.1.2.2
2024-04-18 15:55:53,256 [WARN] PackLoader:240 - Cannot read IP mode file for STMicroelectronics.X-CUBE-TCPP.4.1.0
2024-04-18 15:55:53,287 [WARN] PackLoader:240 - Cannot read IP mode file for STMicroelectronics.X-CUBE-TOF1.3.4.1
2024-04-18 15:55:53,292 [INFO] CheckServerUpdateThread:120 - End of CheckServer Thread
2024-04-18 15:55:53,320 [WARN] PackLoader:240 - Cannot read IP mode file for STMicroelectronics.X-CUBE-TOUCHGFX.4.23.2
2024-04-18 15:55:53,364 [WARN] PackLoader:240 - Cannot read IP mode file for STMicroelectronics.X-CUBE-AZRTOS-H7RS.1.0.0
2024-04-18 15:55:53,373 [INFO] PopulateThirdPartyThread:66 - Ending populate Thread
2024-04-18 15:55:53,376 [INFO] ThirdParty:1030 - CMSIS Pack Vendor :STMicroelectronics X-CUBE-BLEMGR 3.1.0
2024-04-18 15:55:53,376 [INFO] ThirdParty:1030 - CMSIS Pack Vendor :STMicroelectronics FP-SNS-MOTENVWB1 1.4.0
2024-04-18 15:55:53,376 [INFO] ThirdParty:1030 - CMSIS Pack Vendor :STMicroelectronics X-CUBE-AI 9.0.0
2024-04-18 15:55:53,376 [INFO] ThirdParty:1030 - CMSIS Pack Vendor :STMicroelectronics X-CUBE-TOF1 3.4.1
2024-04-18 15:55:53,376 [INFO] ThirdParty:1030 - CMSIS Pack Vendor :STMicroelectronics X-CUBE-TOUCHGFX 4.23.2
2024-04-18 15:55:53,376 [INFO] ThirdParty:1030 - CMSIS Pack Vendor :STMicroelectronics FP-SNS-MOTENV1 5.0.0
2024-04-18 15:55:53,376 [INFO] ThirdParty:1030 - CMSIS Pack Vendor :STMicroelectronics X-CUBE-SAFEA1 1.2.2
2024-04-18 15:55:53,376 [INFO] ThirdParty:1030 - CMSIS Pack Vendor :STMicroelectronics X-CUBE-NFC6 3.1.0
2024-04-18 15:55:53,376 [INFO] ThirdParty:1030 - CMSIS Pack Vendor :STMicroelectronics X-CUBE-TCPP 4.1.0
2024-04-18 15:55:53,376 [INFO] ThirdParty:1030 - CMSIS Pack Vendor :STMicroelectronics X-CUBE-AZRTOS-H7RS 1.0.0
2024-04-18 15:55:53,377 [INFO] LoadServerUpdatesThread:375 - End of LoadServerUpdate Thread
2024-04-18 15:55:55,107 [WARN] PackLoader:240 - Cannot read IP mode file for STMicroelectronics.FP-SNS-MOTENVWB1.1.4.0
2024-04-18 15:55:55,121 [WARN] PackLoader:240 - Cannot read IP mode file for STMicroelectronics.X-CUBE-SMBUS.2.1.0
2024-04-18 15:55:55,136 [WARN] PackLoader:240 - Cannot read IP mode file for STMicroelectronics.X-CUBE-TOUCHGFX.4.23.0
2024-04-18 15:55:55,141 [WARN] PackLoader:240 - Cannot read IP mode file for STMicroelectronics.X-CUBE-TOUCHGFX.4.23.2
2024-04-18 15:55:55,186 [WARN] PackLoader:240 - Cannot read IP mode file for STMicroelectronics.X-CUBE-AZRTOS-F7.1.1.0
2024-04-18 15:55:55,216 [WARN] PackLoader:240 - Cannot read IP mode file for STMicroelectronics.FP-SNS-MOTENV1.4.3.2
2024-04-18 15:55:55,226 [WARN] PackLoader:240 - Cannot read IP mode file for STMicroelectronics.FP-SNS-FLIGHT1.5.0.2
2024-04-18 15:55:55,246 [WARN] PackLoader:240 - Cannot read IP mode file for STMicroelectronics.X-CUBE-DISPLAY.3.0.0
2024-04-18 15:55:55,276 [WARN] PackLoader:240 - Cannot read IP mode file for STMicroelectronics.X-CUBE-BLE1.7.0.0
2024-04-18 15:55:55,296 [WARN] PackLoader:240 - Cannot read IP mode file for emotas.I-CUBE-CANOPEN.1.3.0
2024-04-18 15:55:55,309 [WARN] PackLoader:240 - Cannot read IP mode file for STMicroelectronics.X-CUBE-BLEMGR.3.1.0
2024-04-18 15:55:55,336 [WARN] PackLoader:240 - Cannot read IP mode file for STMicroelectronics.FP-SNS-SMARTAG2.1.2.0
2024-04-18 15:55:55,382 [INFO] LogOutputStream:77 - [STDOUT_REDIRECT] 1 : Invalid condition id : UX_CORESTACK_Condition cause : null
2024-04-18 15:55:55,383 [INFO] LogOutputStream:77 - [STDOUT_REDIRECT] 1 : Invalid condition id : UX_CORESTACK_Condition cause : null
2024-04-18 15:55:55,386 [INFO] LogOutputStream:77 - [STDOUT_REDIRECT] 1 : Invalid condition id : UX_CORESTACK_Condition cause : null
2024-04-18 15:55:55,388 [INFO] LogOutputStream:77 - [STDOUT_REDIRECT] 1 : Invalid condition id : UX_CORESTACK_Condition cause : null
2024-04-18 15:55:55,390 [INFO] LogOutputStream:77 - [STDOUT_REDIRECT] 1 : Invalid condition id : UX_CORESTACK_Condition cause : null
2024-04-18 15:55:55,396 [WARN] PackLoader:240 - Cannot read IP mode file for STMicroelectronics.X-CUBE-AZRTOS-WL.2.0.0
2024-04-18 15:55:55,406 [WARN] PackLoader:240 - Cannot read IP mode file for STMicroelectronics.FP-SNS-MOTENV1.5.0.0
2024-04-18 15:55:55,442 [WARN] PackLoader:240 - Cannot read IP mode file for WES.I-CUBE-Cesium.1.3.0
2024-04-18 15:55:55,471 [WARN] PackLoader:240 - Cannot read IP mode file for STMicroelectronics.X-CUBE-BLE2.3.3.0
2024-04-18 15:55:55,485 [WARN] PackLoader:240 - Cannot read IP mode file for STMicroelectronics.X-CUBE-TCPP.4.1.0
2024-04-18 15:55:55,545 [WARN] PackLoader:240 - Cannot read IP mode file for STMicroelectronics.X-CUBE-ALGOBUILD.1.3.0
2024-04-18 15:55:55,636 [WARN] PackLoader:240 - Cannot read IP mode file for STMicroelectronics.X-CUBE-AZRTOS-G0.1.1.0
2024-04-18 15:55:55,650 [WARN] PackLoader:240 - Cannot read IP mode file for STMicroelectronics.X-CUBE-SAFEA1.1.2.2
2024-04-18 15:55:55,672 [WARN] PackLoader:240 - Cannot read IP mode file for STMicroelectronics.X-CUBE-NFC4.3.0.0
2024-04-18 15:55:55,704 [WARN] PackLoader:240 - Cannot read IP mode file for STMicroelectronics.X-CUBE-BLEMGR.3.0.0
2024-04-18 15:55:55,712 [WARN] PackLoader:240 - Cannot read IP mode file for STMicroelectronics.FP-ATR-SIGFOX1.3.2.0
2024-04-18 15:55:55,740 [WARN] PackLoader:240 - Cannot read IP mode file for STMicroelectronics.X-CUBE-EEPRMA1.5.1.0
2024-04-18 15:55:55,812 [WARN] PackLoader:240 - Cannot read IP mode file for SEGGER.I-CUBE-embOS.1.3.1
2024-04-18 15:55:55,900 [WARN] PackLoader:240 - Cannot read IP mode file for STMicroelectronics.X-CUBE-GNSS1.6.0.0
2024-04-18 15:55:55,946 [WARN] PackLoader:240 - Cannot read IP mode file for STMicroelectronics.X-CUBE-AZRTOS-F4.1.1.0
2024-04-18 15:55:55,973 [WARN] PackLoader:240 - Cannot read IP mode file for wolfSSL.I-CUBE-wolfSSL.5.6.6
2024-04-18 15:55:56,021 [WARN] PackLoader:240 - Cannot read IP mode file for STMicroelectronics.X-CUBE-AZRTOS-L5.2.0.0
2024-04-18 15:55:56,046 [WARN] PackLoader:240 - Cannot read IP mode file for STMicroelectronics.X-CUBE-EEPRMA1.4.2.0
2024-04-18 15:55:56,059 [WARN] PackLoader:240 - Cannot read IP mode file for STMicroelectronics.X-CUBE-NFC6.3.1.0
2024-04-18 15:55:56,087 [WARN] PackLoader:240 - Cannot read IP mode file for ITTIA_DB.I-CUBE-ITTIADB.8.8.0
2024-04-18 15:55:56,105 [WARN] PackLoader:240 - Cannot read IP mode file for STMicroelectronics.X-CUBE-AI.9.0.0
2024-04-18 15:55:56,126 [WARN] PackLoader:240 - Cannot read IP mode file for STMicroelectronics.X-CUBE-NFC7.1.0.1
2024-04-18 15:55:56,154 [WARN] PackLoader:240 - Cannot read IP mode file for STMicroelectronics.X-CUBE-NFC6.3.0.0
2024-04-18 15:55:56,173 [WARN] PackLoader:240 - Cannot read IP mode file for STMicroelectronics.X-CUBE-AI.8.1.0
2024-04-18 15:55:56,231 [WARN] ConditionMgr:438 - getConditionDescription Invalid condition id : LAN8742 Phy interface Condition cause : null
2024-04-18 15:55:56,234 [WARN] PackLoader:240 - Cannot read IP mode file for STMicroelectronics.X-CUBE-AZRTOS-L4.2.0.0
2024-04-18 15:55:56,236 [WARN] ConditionMgr:1039 - genDependencies : Invalid condition id : LAN8742 Phy interface Condition cause : null
2024-04-18 15:55:56,237 [WARN] ConditionMgr:1039 - genDependencies : Invalid condition id : LAN8742 Phy interface Condition cause : null
2024-04-18 15:55:56,238 [WARN] ConditionMgr:1039 - genDependencies : Invalid condition id : LAN8742 Phy interface Condition cause : null
2024-04-18 15:55:56,261 [WARN] PackLoader:240 - Cannot read IP mode file for STMicroelectronics.X-CUBE-SFXS2LP1.4.0.0
2024-04-18 15:55:56,302 [WARN] ConditionMgr:438 - getConditionDescription Invalid condition id : UX DEVICE CLASS RTOS Condition cause : null
2024-04-18 15:55:56,303 [WARN] ConditionMgr:438 - getConditionDescription Invalid condition id : UX DEVICE CLASS RTOS Condition cause : null
2024-04-18 15:55:56,308 [WARN] PackLoader:240 - Cannot read IP mode file for STMicroelectronics.X-CUBE-AZRTOS-WB.2.0.0
2024-04-18 15:55:56,309 [WARN] ConditionMgr:1039 - genDependencies : Invalid condition id : UX DEVICE CLASS RTOS Condition cause : null
2024-04-18 15:55:56,310 [WARN] ConditionMgr:1039 - genDependencies : Invalid condition id : UX DEVICE CLASS RTOS Condition cause : null
2024-04-18 15:55:56,310 [WARN] ConditionMgr:1039 - genDependencies : Invalid condition id : UX DEVICE CLASS RTOS Condition cause : null
2024-04-18 15:55:56,311 [WARN] ConditionMgr:1039 - genDependencies : Invalid condition id : UX DEVICE CLASS RTOS Condition cause : null
2024-04-18 15:55:56,311 [WARN] ConditionMgr:1039 - genDependencies : Invalid condition id : UX DEVICE CLASS RTOS Condition cause : null
2024-04-18 15:55:56,350 [WARN] PackLoader:240 - Cannot read IP mode file for STMicroelectronics.X-CUBE-SUBG2.5.0.0
2024-04-18 15:55:56,402 [WARN] PackLoader:240 - Cannot read IP mode file for STMicroelectronics.X-CUBE-AZRTOS-G4.2.0.0
2024-04-18 15:55:56,442 [WARN] PackLoader:240 - Cannot read IP mode file for Infineon.AIROC-Wi-Fi-Bluetooth-STM32.1.5.1
2024-04-18 15:55:56,458 [WARN] PackLoader:240 - Cannot read IP mode file for STMicroelectronics.FP-SNS-MOTENVWB1.1.3.1
2024-04-18 15:55:56,477 [WARN] PackLoader:240 - Cannot read IP mode file for STMicroelectronics.X-CUBE-ISPU.2.0.0
2024-04-18 15:55:56,570 [WARN] PackLoader:240 - Cannot read IP mode file for STMicroelectronics.X-CUBE-MEMS1.10.0.0
2024-04-18 15:55:56,778 [WARN] PackLoader:240 - Cannot read IP mode file for STMicroelectronics.X-CUBE-FREERTOS.1.1.0
2024-04-18 15:55:56,805 [WARN] PackLoader:240 - Cannot read IP mode file for portGmbH.I-Cube-SoM-uGOAL.1.1.0
2024-04-18 15:55:56,827 [WARN] PackLoader:240 - Cannot read IP mode file for STMicroelectronics.X-CUBE-ALS.1.0.1
2024-04-18 15:55:56,868 [WARN] PackLoader:240 - Cannot read IP mode file for STMicroelectronics.X-CUBE-AZRTOS-H7RS.1.0.0
2024-04-18 15:55:56,883 [WARN] PackLoader:240 - Cannot read IP mode file for STMicroelectronics.FP-ATR-ASTRA1.2.0.0
2024-04-18 15:55:56,924 [WARN] PackLoader:240 - Cannot read IP mode file for STMicroelectronics.X-CUBE-TOF1.3.4.0
2024-04-18 15:55:56,959 [WARN] PackLoader:240 - Cannot read IP mode file for STMicroelectronics.X-CUBE-TOF1.3.4.1
2024-04-18 15:55:57,038 [WARN] PackLoader:240 - Cannot read IP mode file for STMicroelectronics.X-CUBE-AZRTOS-H7.3.2.0
2024-04-18 15:55:57,043 [INFO] ThirdParty:978 - Integrity check success = true
2024-04-18 15:55:57,043 [INFO] IntegrityCheckThread:100 - exiting critical section [integrity check]
2024-04-18 15:55:57,043 [INFO] IntegrityCheckThread:103 - End integrity checks thread
2024-04-18 15:56:13,757 [ERROR] LogOutputStream:75 - [STDERR_REDIRECT] SLF4J: Failed to load class "org.slf4j.impl.StaticLoggerBinder".
2024-04-18 15:56:13,758 [ERROR] LogOutputStream:75 - [STDERR_REDIRECT] SLF4J: Defaulting to no-operation (NOP) logger implementation
2024-04-18 15:56:13,760 [ERROR] LogOutputStream:75 - [STDERR_REDIRECT] SLF4J: See http://www.slf4j.org/codes.html#StaticLoggerBinder for further details.
