2024-01-30 12:16:35,788 [INFO] Activator:176 - 


2024-01-30 12:16:35,795 [INFO] Activator:177 - !SESSION log4j initialized
2024-01-30 12:16:41,817 [INFO] LogOutputStream:77 - [STDOUT_REDIRECT] 
2024-01-30 12:16:44,124 [INFO] ApplicationProperties:184 - Using Application install path: C:\ST\STM32CubeIDE_1.14.1\STM32CubeIDE\plugins\com.st.stm32cube.common.mx_6.10.0.202311202037
2024-01-30 12:16:44,149 [INFO] DbMcusXml:78 - Set database path to: C:\ST\STM32CubeIDE_1.14.1\STM32CubeIDE\plugins\com.st.stm32cube.common.mx_6.10.0.202311202037\\db\/mcu/
2024-01-30 12:16:44,150 [INFO] ApiDb:274 - Set plugin database path to: C:\ST\STM32CubeIDE_1.14.1\STM32CubeIDE\plugins\com.st.stm32cube.common.mx_6.10.0.202311202037\\db\/plugins/boardmanager/
2024-01-30 12:16:44,150 [WARN] ApiDb:259 - Overriding images path with different value:  => C:\ST\STM32CubeIDE_1.14.1\STM32CubeIDE\plugins\com.st.stm32cube.common.mx_6.10.0.202311202037\\db\/plugins/mcufinder/images/
2024-01-30 12:16:44,163 [INFO] ApiDb:250 - Set database path to: C:\Users\raymo\.stmcufinder\plugins\mcufinder//mcu/
2024-01-30 12:16:44,164 [INFO] DbMcusAds:125 - Set database path to: C:\Users\raymo\.stmcufinder\plugins\mcufinder//mcu/
2024-01-30 12:16:44,166 [INFO] CrossReferenceDbSqlite:203 - Set database path to: C:\Users\raymo\.stmcufinder\plugins\mcufinder//mcu/cs/
2024-01-30 12:16:44,319 [INFO] RulesReader:64 - Compatibility file has been processed (297 Rules)
2024-01-30 12:16:44,465 [INFO] DbMcusXml:78 - Set database path to: C:\ST\STM32CubeIDE_1.14.1\STM32CubeIDE\plugins\com.st.stm32cube.common.mx_6.10.0.202311202037\\db\/mcu/
2024-01-30 12:16:44,465 [INFO] ApiDb:274 - Set plugin database path to: C:\ST\STM32CubeIDE_1.14.1\STM32CubeIDE\plugins\com.st.stm32cube.common.mx_6.10.0.202311202037\\db\/plugins/boardmanager/
2024-01-30 12:16:44,465 [INFO] ApiDb:261 - Set plugin images path to: C:\ST\STM32CubeIDE_1.14.1\STM32CubeIDE\plugins\com.st.stm32cube.common.mx_6.10.0.202311202037\\db\/plugins/mcufinder/images/
2024-01-30 12:16:44,467 [WARN] DbFile:41 - Overriding database path with different value: C:\Users\raymo\.stmcufinder\plugins\mcufinder/ => C:\Users\raymo\.stmcufinder\plugins\mcufinder
2024-01-30 12:16:44,467 [INFO] ApiDb:250 - Set database path to: C:\Users\raymo\.stmcufinder\plugins\mcufinder//mcu/
2024-01-30 12:16:44,467 [WARN] DbFile:41 - Overriding database path with different value: C:\Users\raymo\.stmcufinder\plugins\mcufinder/ => C:\Users\raymo\.stmcufinder\plugins\mcufinder
2024-01-30 12:16:44,467 [INFO] DbMcusAds:125 - Set database path to: C:\Users\raymo\.stmcufinder\plugins\mcufinder//mcu/
2024-01-30 12:16:44,467 [WARN] DbFile:41 - Overriding database path with different value: C:\Users\raymo\.stmcufinder\plugins\mcufinder/ => C:\Users\raymo\.stmcufinder\plugins\mcufinder
2024-01-30 12:16:44,467 [WARN] DbFile:41 - Overriding database path with different value: C:\Users\raymo\.stmcufinder\plugins\mcufinder/ => C:\Users\raymo\.stmcufinder\plugins\mcufinder
2024-01-30 12:16:44,467 [INFO] CrossReferenceDbSqlite:203 - Set database path to: C:\Users\raymo\.stmcufinder\plugins\mcufinder//mcu/cs/
2024-01-30 12:16:44,553 [INFO] MainPanel:264 - HeapMemory: 268435456
2024-01-30 12:16:44,660 [INFO] DbMcusXml:78 - Set database path to: C:\ST\STM32CubeIDE_1.14.1\STM32CubeIDE\plugins\com.st.stm32cube.common.mx_6.10.0.202311202037\\db\/mcu/
2024-01-30 12:16:44,660 [INFO] ApiDb:274 - Set plugin database path to: C:\ST\STM32CubeIDE_1.14.1\STM32CubeIDE\plugins\com.st.stm32cube.common.mx_6.10.0.202311202037\\db\/plugins/boardmanager/
2024-01-30 12:16:44,660 [INFO] ApiDb:261 - Set plugin images path to: C:\ST\STM32CubeIDE_1.14.1\STM32CubeIDE\plugins\com.st.stm32cube.common.mx_6.10.0.202311202037\\db\/plugins/mcufinder/images/
2024-01-30 12:16:44,660 [WARN] DbFile:41 - Overriding database path with different value: C:\Users\raymo\.stmcufinder\plugins\mcufinder/ => C:\Users\raymo\.stmcufinder\plugins\mcufinder
2024-01-30 12:16:44,660 [INFO] ApiDb:250 - Set database path to: C:\Users\raymo\.stmcufinder\plugins\mcufinder//mcu/
2024-01-30 12:16:44,661 [WARN] DbFile:41 - Overriding database path with different value: C:\Users\raymo\.stmcufinder\plugins\mcufinder/ => C:\Users\raymo\.stmcufinder\plugins\mcufinder
2024-01-30 12:16:44,661 [INFO] DbMcusAds:125 - Set database path to: C:\Users\raymo\.stmcufinder\plugins\mcufinder//mcu/
2024-01-30 12:16:44,661 [WARN] DbFile:41 - Overriding database path with different value: C:\Users\raymo\.stmcufinder\plugins\mcufinder/ => C:\Users\raymo\.stmcufinder\plugins\mcufinder
2024-01-30 12:16:44,661 [WARN] DbFile:41 - Overriding database path with different value: C:\Users\raymo\.stmcufinder\plugins\mcufinder/ => C:\Users\raymo\.stmcufinder\plugins\mcufinder
2024-01-30 12:16:44,661 [INFO] CrossReferenceDbSqlite:203 - Set database path to: C:\Users\raymo\.stmcufinder\plugins\mcufinder//mcu/cs/
2024-01-30 12:16:44,681 [INFO] ApplicationProperties:184 - Using Application install path: C:\ST\STM32CubeIDE_1.14.1\STM32CubeIDE\plugins\com.st.stm32cube.common.mx_6.10.0.202311202037
2024-01-30 12:16:44,682 [INFO] PluginManage:196 - Search for loadable plugins [exclusion list=, ]
2024-01-30 12:16:44,684 [INFO] PluginManage:310 - Check plugin analytics
2024-01-30 12:16:44,901 [INFO] AnalyticsPlugin:253 - Accepted Software Licenses: 
2024-01-30 12:16:44,901 [INFO] AnalyticsPlugin:255 - Accepted CMSIS Pack Licenses: 
2024-01-30 12:16:44,901 [INFO] AnalyticsPlugin:257 - Accepted Firmware Licenses: FW.L4.1.18.0
2024-01-30 12:16:44,905 [INFO] PluginManage:359 - Loaded plugin analytics (category:tool,tabindex:-1)
2024-01-30 12:16:44,909 [INFO] PluginManage:310 - Check plugin cadmodel
2024-01-30 12:16:44,935 [INFO] CADModel:105 - Init CAD model plugin
2024-01-30 12:16:44,937 [INFO] PluginManage:359 - Loaded plugin cadmodel (category:power,tabindex:5)
2024-01-30 12:16:44,937 [INFO] PluginManage:310 - Check plugin clock
2024-01-30 12:16:44,959 [INFO] PluginManage:359 - Loaded plugin clock (category:base,tabindex:2)
2024-01-30 12:16:44,959 [INFO] PluginManage:310 - Check plugin ddr
2024-01-30 12:16:44,961 [INFO] PluginManage:359 - Loaded plugin ddr (category:tool,tabindex:6)
2024-01-30 12:16:44,962 [INFO] PluginManage:310 - Check plugin filemanager
2024-01-30 12:16:45,108 [INFO] PluginManage:359 - Loaded plugin filemanager (category:base,tabindex:10)
2024-01-30 12:16:45,108 [INFO] PluginManage:310 - Check plugin ipmanager
2024-01-30 12:16:45,117 [INFO] PluginManage:359 - Loaded plugin ipmanager (category:base,tabindex:5)
2024-01-30 12:16:45,117 [INFO] PluginManage:310 - Check plugin lpbam
2024-01-30 12:16:45,138 [INFO] PluginManage:359 - Loaded plugin lpbam (category:base,tabindex:0)
2024-01-30 12:16:45,138 [INFO] PluginManage:310 - Check plugin memorymap
2024-01-30 12:16:45,164 [INFO] PluginManage:359 - Loaded plugin memorymap (category:base,tabindex:4)
2024-01-30 12:16:45,164 [INFO] PluginManage:310 - Check plugin pinoutandconfiguration
2024-01-30 12:16:45,187 [INFO] PluginManage:359 - Loaded plugin pinoutandconfiguration (category:base,tabindex:1)
2024-01-30 12:16:45,187 [INFO] PluginManage:310 - Check plugin pinoutconfig
2024-01-30 12:16:45,297 [WARN] SupportedApi:132 - Cannot load RTOS API schema: s4s-elt-must-match.1: The content of 'definitions' must match (annotation?, (simpleType | complexType)?, (unique | key | keyref)*)). A problem was found starting at: attribute.
2024-01-30 12:16:45,440 [INFO] PluginManage:359 - Loaded plugin pinoutconfig (category:base,tabindex:0)
2024-01-30 12:16:45,440 [INFO] PluginManage:310 - Check plugin power
2024-01-30 12:16:45,465 [INFO] PluginManage:359 - Loaded plugin power (category:power,tabindex:4)
2024-01-30 12:16:45,465 [INFO] PluginManage:310 - Check plugin projectmanager
2024-01-30 12:16:45,482 [INFO] PluginManage:359 - Loaded plugin projectmanager (category:projectmanager,tabindex:3)
2024-01-30 12:16:45,482 [INFO] PluginManage:310 - Check plugin thirdparty
2024-01-30 12:16:45,793 [INFO] PluginManage:359 - Loaded plugin thirdparty (category:base,tabindex:-1)
2024-01-30 12:16:45,793 [WARN] IntegrityCheckThread:84 - waiting for thirdparty lock release [integrity check]
2024-01-30 12:16:45,793 [INFO] PluginManage:310 - Check plugin tools
2024-01-30 12:16:45,793 [INFO] IntegrityCheckThread:86 - entering critical section [integrity check]
2024-01-30 12:16:45,793 [INFO] ThirdPartyUpdaterWithRetryManager:70 - Updater plugin not ready yet. [1/15]
2024-01-30 12:16:45,827 [INFO] PluginManage:359 - Loaded plugin tools (category:base,tabindex:7)
2024-01-30 12:16:45,827 [INFO] PluginManage:310 - Check plugin tutovideos
2024-01-30 12:16:46,072 [INFO] PluginManage:359 - Loaded plugin tutovideos (category:base,tabindex:-1)
2024-01-30 12:16:46,072 [INFO] PluginManage:310 - Check plugin updater
2024-01-30 12:16:46,087 [INFO] PluginManage:359 - Loaded plugin updater (category:base,tabindex:12)
2024-01-30 12:16:46,087 [INFO] PluginManage:310 - Check plugin userauth
2024-01-30 12:16:46,093 [INFO] UserAuth:114 - Init User Auth plugin
2024-01-30 12:16:46,093 [INFO] PluginManage:359 - Loaded plugin userauth (category:base,tabindex:14)
2024-01-30 12:16:46,094 [INFO] PluginManage:283 - PluginManage : Loaded plugins [17]
2024-01-30 12:16:46,340 [INFO] PinOutPanel:1499 - setPackage(No Configuration,No Configuration)
2024-01-30 12:16:46,424 [INFO] CADModel:165 - CPN selected for project level
2024-01-30 12:16:46,424 [INFO] CADModel:114 - Register for checkConnection events
2024-01-30 12:16:46,453 [INFO] IPUIPlugin:80 - create IPUIPlugin
2024-01-30 12:16:46,453 [INFO] PluginManager:220 - loadIPPluginJar : add adc
2024-01-30 12:16:46,489 [INFO] IPUIPlugin:80 - create IPUIPlugin
2024-01-30 12:16:46,489 [INFO] PluginManager:220 - loadIPPluginJar : add aes
2024-01-30 12:16:46,531 [INFO] IPUIPlugin:80 - create IPUIPlugin
2024-01-30 12:16:46,531 [INFO] PluginManager:220 - loadIPPluginJar : add can
2024-01-30 12:16:46,559 [INFO] IPUIPlugin:80 - create IPUIPlugin
2024-01-30 12:16:46,559 [INFO] PluginManager:220 - loadIPPluginJar : add comp
2024-01-30 12:16:46,592 [INFO] IPUIPlugin:80 - create IPUIPlugin
2024-01-30 12:16:46,592 [INFO] PluginManager:220 - loadIPPluginJar : add cryp
2024-01-30 12:16:46,620 [INFO] IPUIPlugin:80 - create IPUIPlugin
2024-01-30 12:16:46,621 [INFO] PluginManager:220 - loadIPPluginJar : add dfsdm
2024-01-30 12:16:46,640 [INFO] IPUIPlugin:80 - create IPUIPlugin
2024-01-30 12:16:46,640 [INFO] PluginManager:220 - loadIPPluginJar : add dma
2024-01-30 12:16:46,683 [INFO] IPUIPlugin:80 - create IPUIPlugin
2024-01-30 12:16:46,683 [INFO] PluginManager:220 - loadIPPluginJar : add dma3
2024-01-30 12:16:46,705 [INFO] IPUIPlugin:80 - create IPUIPlugin
2024-01-30 12:16:46,705 [INFO] PluginManager:220 - loadIPPluginJar : add fatfs
2024-01-30 12:16:46,753 [INFO] IPUIPlugin:80 - create IPUIPlugin
2024-01-30 12:16:46,754 [INFO] PluginManager:220 - loadIPPluginJar : add fmc
2024-01-30 12:16:46,771 [INFO] IPUIPlugin:80 - create IPUIPlugin
2024-01-30 12:16:46,772 [INFO] PluginManager:220 - loadIPPluginJar : add freertos
2024-01-30 12:16:46,793 [INFO] IPUIPlugin:80 - create IPUIPlugin
2024-01-30 12:16:46,793 [INFO] PluginManager:220 - loadIPPluginJar : add genericplugin
2024-01-30 12:16:46,886 [INFO] IPUIPlugin:80 - create IPUIPlugin
2024-01-30 12:16:46,886 [INFO] PluginManager:220 - loadIPPluginJar : add gfxmmu
2024-01-30 12:16:47,024 [INFO] IPUIPlugin:80 - create IPUIPlugin
2024-01-30 12:16:47,024 [INFO] PluginManager:220 - loadIPPluginJar : add gic
2024-01-30 12:16:47,045 [INFO] IPUIPlugin:80 - create IPUIPlugin
2024-01-30 12:16:47,045 [INFO] PluginManager:220 - loadIPPluginJar : add gpio
2024-01-30 12:16:47,143 [INFO] IPUIPlugin:80 - create IPUIPlugin
2024-01-30 12:16:47,144 [INFO] PluginManager:220 - loadIPPluginJar : add gtzc
2024-01-30 12:16:47,191 [INFO] IPUIPlugin:80 - create IPUIPlugin
2024-01-30 12:16:47,191 [INFO] PluginManager:220 - loadIPPluginJar : add hash
2024-01-30 12:16:47,247 [INFO] IPUIPlugin:80 - create IPUIPlugin
2024-01-30 12:16:47,247 [INFO] PluginManager:220 - loadIPPluginJar : add i2c
2024-01-30 12:16:47,291 [INFO] IPUIPlugin:80 - create IPUIPlugin
2024-01-30 12:16:47,291 [INFO] PluginManager:220 - loadIPPluginJar : add i2s
2024-01-30 12:16:47,337 [INFO] IPUIPlugin:80 - create IPUIPlugin
2024-01-30 12:16:47,337 [INFO] PluginManager:220 - loadIPPluginJar : add i3c
2024-01-30 12:16:47,454 [INFO] IPUIPlugin:80 - create IPUIPlugin
2024-01-30 12:16:47,454 [INFO] PluginManager:220 - loadIPPluginJar : add ipddr
2024-01-30 12:16:47,544 [INFO] IPUIPlugin:80 - create IPUIPlugin
2024-01-30 12:16:47,544 [INFO] PluginManager:220 - loadIPPluginJar : add linkedlist
2024-01-30 12:16:47,581 [INFO] IPUIPlugin:80 - create IPUIPlugin
2024-01-30 12:16:47,581 [INFO] PluginManager:220 - loadIPPluginJar : add lorawan
2024-01-30 12:16:47,617 [INFO] IPUIPlugin:80 - create IPUIPlugin
2024-01-30 12:16:47,618 [INFO] PluginManager:220 - loadIPPluginJar : add ltdc
2024-01-30 12:16:47,634 [INFO] IPUIPlugin:80 - create IPUIPlugin
2024-01-30 12:16:47,634 [INFO] PluginManager:220 - loadIPPluginJar : add mdma
2024-01-30 12:16:47,648 [INFO] IPUIPlugin:80 - create IPUIPlugin
2024-01-30 12:16:47,649 [INFO] PluginManager:220 - loadIPPluginJar : add nvic
2024-01-30 12:16:47,687 [INFO] IPUIPlugin:80 - create IPUIPlugin
2024-01-30 12:16:47,687 [INFO] PluginManager:220 - loadIPPluginJar : add opamp
2024-01-30 12:16:47,753 [INFO] IPUIPlugin:80 - create IPUIPlugin
2024-01-30 12:16:47,754 [INFO] PluginManager:220 - loadIPPluginJar : add openamp
2024-01-30 12:16:47,799 [INFO] IPUIPlugin:80 - create IPUIPlugin
2024-01-30 12:16:47,800 [INFO] PluginManager:220 - loadIPPluginJar : add pdm2pcm
2024-01-30 12:16:47,817 [INFO] IPUIPlugin:80 - create IPUIPlugin
2024-01-30 12:16:47,820 [INFO] PluginManager:220 - loadIPPluginJar : add plateformsettings
2024-01-30 12:16:47,844 [INFO] IPUIPlugin:80 - create IPUIPlugin
2024-01-30 12:16:47,844 [INFO] PluginManager:220 - loadIPPluginJar : add quadspi
2024-01-30 12:16:47,859 [INFO] IPUIPlugin:80 - create IPUIPlugin
2024-01-30 12:16:47,860 [INFO] PluginManager:220 - loadIPPluginJar : add resmgrutility
2024-01-30 12:16:47,912 [INFO] IPUIPlugin:80 - create IPUIPlugin
2024-01-30 12:16:47,912 [INFO] PluginManager:220 - loadIPPluginJar : add sai
2024-01-30 12:16:47,958 [INFO] IPUIPlugin:80 - create IPUIPlugin
2024-01-30 12:16:47,959 [INFO] PluginManager:220 - loadIPPluginJar : add spi
2024-01-30 12:16:48,031 [INFO] IPUIPlugin:80 - create IPUIPlugin
2024-01-30 12:16:48,031 [INFO] PluginManager:220 - loadIPPluginJar : add stm32_wpan
2024-01-30 12:16:48,055 [INFO] IPUIPlugin:80 - create IPUIPlugin
2024-01-30 12:16:48,055 [INFO] PluginManager:220 - loadIPPluginJar : add tim
2024-01-30 12:16:48,117 [INFO] IPUIPlugin:80 - create IPUIPlugin
2024-01-30 12:16:48,118 [INFO] PluginManager:220 - loadIPPluginJar : add touchsensing
2024-01-30 12:16:48,141 [INFO] IPUIPlugin:80 - create IPUIPlugin
2024-01-30 12:16:48,141 [INFO] PluginManager:220 - loadIPPluginJar : add tracer_emb
2024-01-30 12:16:48,169 [INFO] IPUIPlugin:80 - create IPUIPlugin
2024-01-30 12:16:48,169 [INFO] PluginManager:220 - loadIPPluginJar : add ts
2024-01-30 12:16:48,193 [INFO] IPUIPlugin:80 - create IPUIPlugin
2024-01-30 12:16:48,193 [INFO] PluginManager:220 - loadIPPluginJar : add tsc
2024-01-30 12:16:48,220 [INFO] IPUIPlugin:80 - create IPUIPlugin
2024-01-30 12:16:48,221 [INFO] PluginManager:220 - loadIPPluginJar : add ucpd
2024-01-30 12:16:48,269 [INFO] IPUIPlugin:80 - create IPUIPlugin
2024-01-30 12:16:48,270 [INFO] PluginManager:220 - loadIPPluginJar : add usart
2024-01-30 12:16:48,316 [INFO] IPUIPlugin:80 - create IPUIPlugin
2024-01-30 12:16:48,317 [INFO] PluginManager:220 - loadIPPluginJar : add usbx
2024-01-30 12:16:48,464 [INFO] CADModel:165 - CPN selected for project level
2024-01-30 12:16:48,464 [INFO] CADModel:114 - Register for checkConnection events
2024-01-30 12:16:48,465 [FATAL] Updater:308 - Updater called before beeing initialized
2024-01-30 12:16:48,465 [ERROR] CADModel:125 - Updater not yet initialized, retry later 
2024-01-30 12:16:48,648 [INFO] CADModel:165 - CPN selected for project level
2024-01-30 12:16:48,648 [INFO] CADModel:114 - Register for checkConnection events
2024-01-30 12:16:48,648 [FATAL] Updater:308 - Updater called before beeing initialized
2024-01-30 12:16:48,648 [ERROR] CADModel:125 - Updater not yet initialized, retry later 
2024-01-30 12:16:48,653 [FATAL] Updater:308 - Updater called before beeing initialized
2024-01-30 12:16:48,789 [FATAL] Updater:308 - Updater called before beeing initialized
2024-01-30 12:16:48,794 [INFO] ThirdPartyUpdaterWithRetryManager:70 - Updater plugin not ready yet. [2/15]
2024-01-30 12:16:48,801 [INFO] DbMcusAds:53 - JSON generation date=Wed Nov 29 05:52:27 EST 2023 (1701255147200)
2024-01-30 12:16:48,801 [FATAL] Updater:308 - Updater called before beeing initialized
2024-01-30 12:16:48,892 [WARN] DetailPanel:346 - Failed to get advertising image, set to default
2024-01-30 12:16:48,990 [FATAL] Updater:308 - Updater called before beeing initialized
2024-01-30 12:16:48,993 [FATAL] Updater:308 - Updater called before beeing initialized
2024-01-30 12:16:48,993 [FATAL] Updater:308 - Updater called before beeing initialized
2024-01-30 12:16:48,993 [WARN] DetailPanel:346 - Failed to get advertising image, set to default
2024-01-30 12:16:48,994 [FATAL] Updater:308 - Updater called before beeing initialized
2024-01-30 12:16:49,061 [ERROR] Updater:1120 - MainUpdater not yet initialized. External WinMGr cannot be set.
2024-01-30 12:16:49,071 [INFO] Updater:1056 - Updater Version found : 6.10.0
2024-01-30 12:16:49,094 [INFO] ApplicationProperties:184 - Using Application install path: C:\ST\STM32CubeIDE_1.14.1\STM32CubeIDE\plugins\com.st.stm32cube.common.mx_6.10.0.202311202037
2024-01-30 12:16:50,677 [ERROR] LogOutputStream:75 - [STDERR_REDIRECT] Jan 30, 2024 12:16:50 PM java.util.prefs.WindowsPreferences <init>
2024-01-30 12:16:50,679 [ERROR] LogOutputStream:75 - [STDERR_REDIRECT] WARNING: Could not open/create prefs root node Software\JavaSoft\Prefs at root 0xffffffff80000002. Windows RegCreateKeyEx(...) returned error code 5.
2024-01-30 12:16:50,679 [ERROR] LogOutputStream:75 - [STDERR_REDIRECT] 
2024-01-30 12:16:51,122 [INFO] MainUpdater:2873 - connection check result : 10
2024-01-30 12:16:51,122 [INFO] MainUpdater:3567 - Updater definition file requires update
2024-01-30 12:16:51,123 [INFO] MainUpdater:290 - Updater Check For Update Now.
2024-01-30 12:16:51,124 [INFO] MicroXplorer:498 - Change Database Version : DB.6.0.100
2024-01-30 12:16:51,148 [INFO] McuFinderGlobals:63 - Set McuFinder mode to 2 (CubeIDE integrated)
2024-01-30 12:16:51,209 [INFO] ServerAccessManage:473 - Download File updaters.zip
2024-01-30 12:16:51,327 [INFO] FileExtend:240 - Unzip File : updaters.zip
2024-01-30 12:16:51,327 [INFO] FileExtend:255 - Standard Zip Deflate
2024-01-30 12:16:51,329 [INFO] UserAuth:404 - Internet connection configuration mode: 1
2024-01-30 12:16:51,490 [INFO] JxBrowserEngine:152 - Initiate JxBrowser Engine with user profile folder
2024-01-30 12:16:51,807 [WARN] MainUpdater:1194 - Updater busy. Cannot search thirdparties
2024-01-30 12:16:51,808 [INFO] ThirdPartyUpdaterWithRetryManager:96 - Updater plugin is busy. [1/15]
2024-01-30 12:16:51,973 [INFO] ServerAccessManage:473 - Download File PacksControlFlags.xml
2024-01-30 12:16:52,101 [INFO] ServerAccessManage:473 - Download File cubemx.pidx
2024-01-30 12:16:52,305 [INFO] LoadServerUpdatesThread:375 - End of LoadServerUpdate Thread
2024-01-30 12:16:52,535 [INFO] CheckServerUpdateThread:120 - End of CheckServer Thread
2024-01-30 12:16:55,250 [WARN] PackLoader:240 - Cannot read IP mode file for STMicroelectronics.X-CUBE-SMBUS.2.1.0
2024-01-30 12:16:55,276 [WARN] PackLoader:240 - Cannot read IP mode file for STMicroelectronics.X-CUBE-TOUCHGFX.4.23.0
2024-01-30 12:16:55,627 [WARN] PackLoader:240 - Cannot read IP mode file for STMicroelectronics.X-CUBE-AZRTOS-F7.1.1.0
2024-01-30 12:16:55,664 [WARN] PackLoader:240 - Cannot read IP mode file for STMicroelectronics.FP-SNS-MOTENV1.4.3.2
2024-01-30 12:16:55,685 [WARN] PackLoader:240 - Cannot read IP mode file for STMicroelectronics.FP-SNS-FLIGHT1.5.0.2
2024-01-30 12:16:55,717 [WARN] PackLoader:240 - Cannot read IP mode file for STMicroelectronics.X-CUBE-DISPLAY.3.0.0
2024-01-30 12:16:55,757 [WARN] PackLoader:240 - Cannot read IP mode file for STMicroelectronics.X-CUBE-BLE1.7.0.0
2024-01-30 12:16:55,796 [WARN] PackLoader:240 - Cannot read IP mode file for emotas.I-CUBE-CANOPEN.1.3.0
2024-01-30 12:16:55,850 [WARN] PackLoader:240 - Cannot read IP mode file for STMicroelectronics.FP-SNS-SMARTAG2.1.2.0
2024-01-30 12:16:55,891 [INFO] LogOutputStream:77 - [STDOUT_REDIRECT] 1 : Invalid condition id : UX_CORESTACK_Condition cause : null
2024-01-30 12:16:55,893 [INFO] LogOutputStream:77 - [STDOUT_REDIRECT] 1 : Invalid condition id : UX_CORESTACK_Condition cause : null
2024-01-30 12:16:55,894 [INFO] LogOutputStream:77 - [STDOUT_REDIRECT] 1 : Invalid condition id : UX_CORESTACK_Condition cause : null
2024-01-30 12:16:55,895 [INFO] LogOutputStream:77 - [STDOUT_REDIRECT] 1 : Invalid condition id : UX_CORESTACK_Condition cause : null
2024-01-30 12:16:55,897 [INFO] LogOutputStream:77 - [STDOUT_REDIRECT] 1 : Invalid condition id : UX_CORESTACK_Condition cause : null
2024-01-30 12:16:55,907 [WARN] PackLoader:240 - Cannot read IP mode file for STMicroelectronics.X-CUBE-AZRTOS-WL.2.0.0
2024-01-30 12:16:55,934 [WARN] PackLoader:240 - Cannot read IP mode file for WES.I-CUBE-Cesium.1.3.0
2024-01-30 12:16:55,954 [WARN] PackLoader:240 - Cannot read IP mode file for STMicroelectronics.X-CUBE-BLE2.3.3.0
2024-01-30 12:16:55,979 [WARN] PackLoader:240 - Cannot read IP mode file for STMicroelectronics.X-CUBE-ALGOBUILD.1.3.0
2024-01-30 12:16:56,029 [WARN] PackLoader:240 - Cannot read IP mode file for STMicroelectronics.X-CUBE-AZRTOS-G0.1.1.0
2024-01-30 12:16:56,063 [WARN] PackLoader:240 - Cannot read IP mode file for STMicroelectronics.X-CUBE-NFC4.3.0.0
2024-01-30 12:16:56,102 [WARN] PackLoader:240 - Cannot read IP mode file for STMicroelectronics.X-CUBE-BLEMGR.3.0.0
2024-01-30 12:16:56,125 [WARN] PackLoader:240 - Cannot read IP mode file for STMicroelectronics.FP-ATR-SIGFOX1.3.2.0
2024-01-30 12:16:56,147 [WARN] PackLoader:240 - Cannot read IP mode file for STMicroelectronics.X-CUBE-EEPRMA1.5.1.0
2024-01-30 12:16:56,213 [INFO] WebApp:161 - Instantiating new browser for Auth
2024-01-30 12:16:56,247 [WARN] PackLoader:240 - Cannot read IP mode file for SEGGER.I-CUBE-embOS.1.3.1
2024-01-30 12:16:56,365 [WARN] PackLoader:240 - Cannot read IP mode file for STMicroelectronics.X-CUBE-GNSS1.6.0.0
2024-01-30 12:16:56,429 [WARN] PackLoader:240 - Cannot read IP mode file for STMicroelectronics.X-CUBE-AZRTOS-F4.1.1.0
2024-01-30 12:16:56,457 [WARN] PackLoader:240 - Cannot read IP mode file for wolfSSL.I-CUBE-wolfSSL.5.6.6
2024-01-30 12:16:56,524 [WARN] PackLoader:240 - Cannot read IP mode file for STMicroelectronics.X-CUBE-AZRTOS-L5.2.0.0
2024-01-30 12:16:56,550 [WARN] PackLoader:240 - Cannot read IP mode file for STMicroelectronics.X-CUBE-EEPRMA1.4.2.0
2024-01-30 12:16:56,568 [WARN] PackLoader:240 - Cannot read IP mode file for ITTIA_DB.I-CUBE-ITTIADB.8.8.0
2024-01-30 12:16:56,591 [WARN] PackLoader:240 - Cannot read IP mode file for STMicroelectronics.X-CUBE-NFC7.1.0.1
2024-01-30 12:16:56,619 [WARN] PackLoader:240 - Cannot read IP mode file for STMicroelectronics.X-CUBE-NFC6.3.0.0
2024-01-30 12:16:56,643 [WARN] PackLoader:240 - Cannot read IP mode file for STMicroelectronics.X-CUBE-AI.8.1.0
2024-01-30 12:16:56,705 [WARN] ConditionMgr:438 - getConditionDescription Invalid condition id : LAN8742 Phy interface Condition cause : null
2024-01-30 12:16:56,708 [WARN] PackLoader:240 - Cannot read IP mode file for STMicroelectronics.X-CUBE-AZRTOS-L4.2.0.0
2024-01-30 12:16:56,712 [WARN] ConditionMgr:1039 - genDependencies : Invalid condition id : LAN8742 Phy interface Condition cause : null
2024-01-30 12:16:56,713 [WARN] ConditionMgr:1039 - genDependencies : Invalid condition id : LAN8742 Phy interface Condition cause : null
2024-01-30 12:16:56,714 [WARN] ConditionMgr:1039 - genDependencies : Invalid condition id : LAN8742 Phy interface Condition cause : null
2024-01-30 12:16:56,744 [WARN] PackLoader:240 - Cannot read IP mode file for STMicroelectronics.X-CUBE-SFXS2LP1.4.0.0
2024-01-30 12:16:56,784 [WARN] ConditionMgr:438 - getConditionDescription Invalid condition id : UX DEVICE CLASS RTOS Condition cause : null
2024-01-30 12:16:56,785 [WARN] ConditionMgr:438 - getConditionDescription Invalid condition id : UX DEVICE CLASS RTOS Condition cause : null
2024-01-30 12:16:56,790 [WARN] PackLoader:240 - Cannot read IP mode file for STMicroelectronics.X-CUBE-AZRTOS-WB.2.0.0
2024-01-30 12:16:56,791 [WARN] ConditionMgr:1039 - genDependencies : Invalid condition id : UX DEVICE CLASS RTOS Condition cause : null
2024-01-30 12:16:56,791 [WARN] ConditionMgr:1039 - genDependencies : Invalid condition id : UX DEVICE CLASS RTOS Condition cause : null
2024-01-30 12:16:56,792 [WARN] ConditionMgr:1039 - genDependencies : Invalid condition id : UX DEVICE CLASS RTOS Condition cause : null
2024-01-30 12:16:56,793 [WARN] ConditionMgr:1039 - genDependencies : Invalid condition id : UX DEVICE CLASS RTOS Condition cause : null
2024-01-30 12:16:56,793 [WARN] ConditionMgr:1039 - genDependencies : Invalid condition id : UX DEVICE CLASS RTOS Condition cause : null
2024-01-30 12:16:56,833 [WARN] PackLoader:240 - Cannot read IP mode file for STMicroelectronics.X-CUBE-SUBG2.5.0.0
2024-01-30 12:16:56,896 [WARN] PackLoader:240 - Cannot read IP mode file for STMicroelectronics.X-CUBE-AZRTOS-G4.2.0.0
2024-01-30 12:16:56,949 [WARN] PackLoader:240 - Cannot read IP mode file for Infineon.AIROC-Wi-Fi-Bluetooth-STM32.1.5.1
2024-01-30 12:16:56,975 [WARN] PackLoader:240 - Cannot read IP mode file for STMicroelectronics.FP-SNS-MOTENVWB1.1.3.1
2024-01-30 12:16:56,997 [WARN] PackLoader:240 - Cannot read IP mode file for STMicroelectronics.X-CUBE-ISPU.2.0.0
2024-01-30 12:16:57,108 [WARN] PackLoader:240 - Cannot read IP mode file for STMicroelectronics.X-CUBE-MEMS1.10.0.0
2024-01-30 12:16:57,259 [WARN] PackLoader:240 - Cannot read IP mode file for STMicroelectronics.X-CUBE-FREERTOS.1.1.0
2024-01-30 12:16:57,277 [WARN] PackLoader:240 - Cannot read IP mode file for portGmbH.I-Cube-SoM-uGOAL.1.1.0
2024-01-30 12:16:57,294 [INFO] WebApp:780 - Register for checkConnection events
2024-01-30 12:16:57,294 [INFO] WebApp:414 - Apply proxy settings
2024-01-30 12:16:57,294 [INFO] WebApp:499 - Chromium requires no authentication
2024-01-30 12:16:57,294 [WARN] PackLoader:240 - Cannot read IP mode file for STMicroelectronics.X-CUBE-ALS.1.0.1
2024-01-30 12:16:57,305 [INFO] WebApp:442 - Direct internet connection detected
2024-01-30 12:16:57,311 [WARN] PackLoader:240 - Cannot read IP mode file for STMicroelectronics.FP-ATR-ASTRA1.2.0.0
2024-01-30 12:16:57,339 [WARN] PackLoader:240 - Cannot read IP mode file for STMicroelectronics.X-CUBE-TOF1.3.4.0
2024-01-30 12:16:57,395 [WARN] PackLoader:240 - Cannot read IP mode file for STMicroelectronics.X-CUBE-AZRTOS-H7.3.2.0
2024-01-30 12:16:57,401 [INFO] ThirdParty:978 - Integrity check success = true
2024-01-30 12:16:57,402 [INFO] IntegrityCheckThread:100 - exiting critical section [integrity check]
2024-01-30 12:16:57,402 [INFO] IntegrityCheckThread:103 - End integrity checks thread
2024-01-30 12:16:57,591 [INFO] WebApp:192 - Starting web application
2024-01-30 12:16:57,591 [INFO] WebApp:544 - Web application path used C:\ST\STM32CubeIDE_1.14.1\STM32CubeIDE\plugins\com.st.stm32cube.common.mx_6.10.0.202311202037\db\plugins\mcufinder\reactClient1\index.html
2024-01-30 12:17:18,935 [ERROR] LogOutputStream:75 - [STDERR_REDIRECT] SLF4J: Failed to load class "org.slf4j.impl.StaticLoggerBinder".
2024-01-30 12:17:18,938 [ERROR] LogOutputStream:75 - [STDERR_REDIRECT] SLF4J: Defaulting to no-operation (NOP) logger implementation
2024-01-30 12:17:18,939 [ERROR] LogOutputStream:75 - [STDERR_REDIRECT] SLF4J: See http://www.slf4j.org/codes.html#StaticLoggerBinder for further details.
2024-01-30 15:27:43,199 [ERROR] LogOutputStream:75 - [STDERR_REDIRECT] 
